2025-06-15 14:34:38.799 INFO  (main) [c: s: r: x: t:] o.e.j.s.Server jetty-10.0.22; built: 2024-06-27T16:03:51.502Z; git: 5c8471e852d377fd726ad9b1692c35ffc5febb09; jvm 17.0.15+6
2025-06-15 14:34:39.410 WARN  (main) [c: s: r: x: t:] o.e.j.u.DeprecationWarning Using @Deprecated Class org.eclipse.jetty.servlet.listener.ELContextCleaner
2025-06-15 14:34:39.486 INFO  (main) [c: s: r: x: t:] o.a.s.s.CoreContainerProvider Using logger factory org.apache.logging.slf4j.Log4jLoggerFactory
2025-06-15 14:34:39.505 INFO  (main) [c: s: r: x: t:] o.a.s.s.CoreContainerProvider  ___      _       Welcome to Apache Solr™ version 9.8.1
2025-06-15 14:34:39.505 INFO  (main) [c: s: r: x: t:] o.a.s.s.CoreContainerProvider / __| ___| |_ _   Starting in standalone mode on port 8983
2025-06-15 14:34:39.505 INFO  (main) [c: s: r: x: t:] o.a.s.s.CoreContainerProvider \__ \/ _ \ | '_|  Install dir: /opt/solr-9.8.1
2025-06-15 14:34:39.505 INFO  (main) [c: s: r: x: t:] o.a.s.s.CoreContainerProvider |___/\___/_|_|    Start time: 2025-06-15T14:34:39.505926090Z
2025-06-15 14:34:39.515 INFO  (main) [c: s: r: x: t:] o.a.s.s.CoreContainerProvider Solr started with "-XX:+CrashOnOutOfMemoryError" that will crash on any OutOfMemoryError exception. The cause of the OOME will be logged in the crash file at the following path: /var/solr/logs/jvm_crash_17.log
2025-06-15 14:34:39.583 INFO  (main) [c: s: r: x: t:] o.a.s.s.CoreContainerProvider Solr Home: /var/solr/data (source: system property: solr.solr.home)
2025-06-15 14:34:39.628 INFO  (main) [c: s: r: x: t:] o.a.s.c.SolrXmlConfig solr.xml not found in SOLR_HOME, using built-in default
2025-06-15 14:34:39.628 INFO  (main) [c: s: r: x: t:] o.a.s.c.SolrXmlConfig Loading solr.xml from /opt/solr-9.8.1/server/solr/solr.xml
2025-06-15 14:34:39.721 INFO  (main) [c: s: r: x: t:] o.a.s.c.SolrResourceLoader Added 1 libs to classloader, from paths: [/opt/solr-9.8.1/lib]
2025-06-15 14:34:40.929 INFO  (main) [c: s: r: x: t:] o.a.s.u.t.SimplePropagator Always-on trace id generation enabled.
2025-06-15 14:34:41.339 WARN  (main) [c: s: r: x: t:] o.a.s.u.StartupLoggingUtils Jetty request logging enabled. Will retain logs for last 3 days. See chapter "Configuring Logging" in reference guide for how to configure.
2025-06-15 14:34:41.344 WARN  (main) [c: s: r: x: t:] o.a.s.c.CoreContainer Not all security plugins configured!  authentication=disabled authorization=disabled.  Solr is only as secure as you make it. Consider configuring authentication/authorization before exposing Solr to users internal or external.  See https://s.apache.org/solrsecurity for more info
2025-06-15 14:34:41.856 INFO  (main) [c: s: r: x: t:] o.a.s.c.CorePropertiesLocator Found 1 core definitions underneath /var/solr/data
2025-06-15 14:34:41.857 INFO  (main) [c: s: r: x: t:] o.a.s.c.CorePropertiesLocator Cores are: [mycore]
2025-06-15 14:34:41.980 INFO  (coreLoadExecutor-13-thread-1) [c: s: r: x:mycore t:] o.a.s.c.SolrConfig Using Lucene MatchVersion: 9.11.0
2025-06-15 14:34:42.169 INFO  (coreLoadExecutor-13-thread-1) [c: s: r: x:mycore t:] o.a.s.s.IndexSchema Schema name=default-config
2025-06-15 14:34:42.405 WARN  (main) [c: s: r: x: t:] o.g.j.m.i.MessagingBinders A class jakarta.activation.DataSource for a default provider MessageBodyWriter<jakarta.activation.DataSource> was not found. The provider is not available.
2025-06-15 14:34:43.042 INFO  (main) [c: s: r: x: t:] o.a.s.j.SolrRequestAuthorizer Creating a new SolrRequestAuthorizer
2025-06-15 14:34:43.332 INFO  (main) [c: s: r: x: t:] o.e.j.s.h.ContextHandler Started o.e.j.w.WebAppContext@407cf41{solr-jetty-context.xml,/solr,file:///opt/solr-9.8.1/server/solr-webapp/webapp/,AVAILABLE}{/opt/solr-9.8.1/server/solr-webapp/webapp}
2025-06-15 14:34:43.349 INFO  (main) [c: s: r: x: t:] o.e.j.s.RequestLogWriter Opened /var/solr/logs/2025_06_15.request.log
2025-06-15 14:34:43.356 INFO  (main) [c: s: r: x: t:] o.e.j.s.AbstractConnector Started ServerConnector@4879f0f2{HTTP/1.1, (http/1.1, h2c)}{0.0.0.0:8983}
2025-06-15 14:34:43.359 INFO  (main) [c: s: r: x: t:] o.e.j.s.Server Started Server@7fc44dec{STARTING}[10.0.22,sto=0] @7569ms
2025-06-15 14:34:43.738 INFO  (coreLoadExecutor-13-thread-1) [c: s: r: x:mycore t:] o.a.s.s.IndexSchema Loaded schema default-config/1.7 with uniqueid field id
2025-06-15 14:34:43.739 INFO  (coreLoadExecutor-13-thread-1) [c: s: r: x:mycore t:] o.a.s.c.CoreContainer Creating SolrCore 'mycore' using configuration from instancedir /var/solr/data/mycore, trusted=true
2025-06-15 14:34:43.882 INFO  (coreLoadExecutor-13-thread-1) [c: s: r: x:mycore t:] o.a.s.c.SolrCore Opening new SolrCore at [/var/solr/data/mycore], dataDir=[/var/solr/data/mycore/data/]
2025-06-15 14:34:45.147 INFO  (coreLoadExecutor-13-thread-1) [c: s: r: x:mycore t:] o.a.s.j.SolrRequestAuthorizer Creating a new SolrRequestAuthorizer
2025-06-15 14:34:45.199 INFO  (coreLoadExecutor-13-thread-1) [c: s: r: x:mycore t:] o.a.s.u.UpdateHandler Using UpdateLog implementation: org.apache.solr.update.UpdateLog
2025-06-15 14:34:45.212 INFO  (coreLoadExecutor-13-thread-1) [c: s: r: x:mycore t:] o.a.s.u.UpdateLog Initializing UpdateLog: dataDir= defaultSyncLevel=FLUSH numRecordsToKeep=100 maxNumLogsToKeep=10
2025-06-15 14:34:45.215 INFO  (coreLoadExecutor-13-thread-1) [c: s: r: x:mycore t:] o.a.s.u.CommitTracker Hard AutoCommit: if uncommitted for 15000ms; 
2025-06-15 14:34:45.216 INFO  (coreLoadExecutor-13-thread-1) [c: s: r: x:mycore t:] o.a.s.u.CommitTracker Soft AutoCommit: if uncommitted for 3000ms; 
2025-06-15 14:34:45.688 INFO  (coreLoadExecutor-13-thread-1) [c: s: r: x:mycore t:] o.a.s.r.ManagedResourceStorage File-based storage initialized to use dir: /var/solr/data/mycore/conf
2025-06-15 14:34:45.725 INFO  (coreLoadExecutor-13-thread-1) [c: s: r: x:mycore t:] o.a.s.s.DirectSolrSpellChecker init: {name=default, field=_text_, classname=solr.DirectSolrSpellChecker, distanceMeasure=internal, maxEdits=2, minPrefix=1, maxInspections=5, minQueryLength=4, accuracy=0.5, maxQueryFrequency=0.01}
2025-06-15 14:34:45.746 INFO  (coreLoadExecutor-13-thread-1) [c: s: r: x:mycore t:] o.a.s.h.ReplicationHandler Commits will be reserved for 10000 ms
2025-06-15 14:34:45.749 INFO  (searcherExecutor-15-thread-1-processing-mycore) [c: s: r: x:mycore t:] o.a.s.c.QuerySenderListener QuerySenderListener done.
2025-06-15 14:34:45.749 INFO  (searcherExecutor-15-thread-1-processing-mycore) [c: s: r: x:mycore t:] o.a.s.h.c.SpellCheckComponent Loading spell index for spellchecker: default
2025-06-15 14:34:45.770 INFO  (searcherExecutor-15-thread-1-processing-mycore) [c: s: r: x:mycore t:] o.a.s.c.SolrCore Registered new searcher autowarm time: 0 ms
2025-06-15 14:34:59.049 INFO  (qtp1663888181-48-null-2) [c: s: r: x: t:null-2] o.a.s.s.HttpSolrCall [admin] webapp=null path=/admin/cores params={indexInfo=false&wt=json&_=1749998098946} status=0 QTime=16
2025-06-15 14:34:59.096 INFO  (qtp1663888181-22-null-3) [c: s: r: x: t:null-3] o.a.s.s.HttpSolrCall [admin] webapp=null path=/admin/info/system params={wt=json&_=1749998098946} status=0 QTime=64
2025-06-15 14:34:59.131 INFO  (qtp1663888181-26-null-4) [c: s: r: x: t:null-4] o.a.s.s.HttpSolrCall [admin] webapp=null path=/admin/info/system params={wt=json&_=1749998098946} status=0 QTime=18
2025-06-15 14:35:01.377 INFO  (qtp1663888181-27-null-9) [c: s: r: x: t:null-9] o.a.s.s.HttpSolrCall [admin] webapp=null path=/admin/cores params={indexInfo=false&wt=json&_=1749998098946} status=0 QTime=1
2025-06-15 14:35:01.389 INFO  (qtp1663888181-21-null-8) [c: s: r: x:mycore t:null-8] o.a.s.c.S.Request webapp=/solr path=/admin/ping params={action=status&wt=json&_=1749998098946&ts=1749998098946} status=503 QTime=14
2025-06-15 14:35:01.395 INFO  (qtp1663888181-22-null-5) [c: s: r: x:mycore t:null-5] o.a.s.c.S.Request webapp=/solr path=/admin/luke params={numTerms=0&show=index&wt=json&_=1749998101359} status=0 QTime=23
2025-06-15 14:35:01.401 INFO  (qtp1663888181-20-null-10) [c: s: r: x: t:null-10] o.a.s.s.HttpSolrCall [admin] webapp=null path=/admin/info/system params={wt=json&_=1749998098946} status=0 QTime=22
2025-06-15 14:35:01.414 INFO  (qtp1663888181-50-null-7) [c: s: r: x:mycore t:null-7] o.a.s.c.S.Request webapp=/solr path=/admin/system params={wt=json&_=1749998101359} status=0 QTime=42
2025-06-15 14:35:01.419 INFO  (qtp1663888181-25-null-6) [c: s: r: x:mycore t:null-6] o.a.s.c.S.Request webapp=/solr path=/replication params={wt=json&command=details&_=1749998101359} status=0 QTime=48
2025-06-15 14:35:03.504 INFO  (qtp1663888181-51-null-12) [c: s: r: x: t:null-12] o.a.s.s.HttpSolrCall [admin] webapp=null path=/admin/cores params={indexInfo=false&wt=json&_=1749998098946} status=0 QTime=1
2025-06-15 14:35:03.508 INFO  (qtp1663888181-25-null-11) [c: s: r: x:mycore t:null-11] o.a.s.c.S.Request webapp=/solr path=/config/params params={wt=json&_=1749998103479} status=0 QTime=6
2025-06-15 14:35:03.533 INFO  (qtp1663888181-26-null-13) [c: s: r: x: t:null-13] o.a.s.s.HttpSolrCall [admin] webapp=null path=/admin/info/system params={wt=json&_=1749998098946} status=0 QTime=27
2025-06-16 00:05:05.236 INFO  (qtp1663888181-50-null-15) [c: s: r: x: t:null-15] o.a.s.s.HttpSolrCall [admin] webapp=null path=/admin/cores params={indexInfo=false&wt=json&_=1750032305158} status=0 QTime=16
2025-06-16 00:05:05.253 INFO  (qtp1663888181-25-null-17) [c: s: r: x:mycore t:null-17] o.a.s.c.S.Request webapp=/solr path=/config/params params={wt=json&_=1750032305193} status=0 QTime=7
2025-06-16 00:05:05.309 INFO  (qtp1663888181-26-null-16) [c: s: r: x: t:null-16] o.a.s.s.HttpSolrCall [admin] webapp=null path=/admin/info/system params={wt=json&_=1750032305158} status=0 QTime=88
2025-06-16 00:11:35.133 INFO  (qtp1663888181-25-null-18) [c: s: r: x:mycore t:null-18] o.a.s.s.ManagedIndexSchema Upgraded to managed schema at /var/solr/data/mycore/conf/managed-schema.xml
2025-06-16 00:11:35.397 INFO  (qtp1663888181-25-null-18) [c: s: r: x:mycore t:null-18] o.a.s.u.p.LogUpdateProcessorFactory webapp=/solr path=/update params={wt=json}{add=[S10_1678 (1835042283362189312)]} 0 5082
2025-06-16 00:11:35.420 INFO  (qtp1663888181-49-null-19) [c: s: r: x:mycore t:null-19] o.a.s.u.p.LogUpdateProcessorFactory webapp=/solr path=/update params={wt=json}{add=[S10_1949 (1835042283630624768)]} 0 5
2025-06-16 00:11:35.431 INFO  (qtp1663888181-18-null-20) [c: s: r: x:mycore t:null-20] o.a.s.u.p.LogUpdateProcessorFactory webapp=/solr path=/update params={wt=json}{add=[S10_2016 (1835042283640061952)]} 0 4
2025-06-16 00:11:35.443 INFO  (qtp1663888181-26-null-21) [c: s: r: x:mycore t:null-21] o.a.s.u.p.LogUpdateProcessorFactory webapp=/solr path=/update params={wt=json}{add=[S10_4698 (1835042283653693440)]} 0 4
2025-06-16 00:11:35.452 INFO  (qtp1663888181-50-null-22) [c: s: r: x:mycore t:null-22] o.a.s.u.p.LogUpdateProcessorFactory webapp=/solr path=/update params={wt=json}{add=[S10_4757 (1835042283664179200)]} 0 3
2025-06-16 00:11:35.461 INFO  (qtp1663888181-21-null-23) [c: s: r: x:mycore t:null-23] o.a.s.u.p.LogUpdateProcessorFactory webapp=/solr path=/update params={wt=json}{add=[S10_4962 (1835042283673616384)]} 0 3
2025-06-16 00:11:35.474 INFO  (qtp1663888181-23-null-24) [c: s: r: x:mycore t:null-24] o.a.s.u.p.LogUpdateProcessorFactory webapp=/solr path=/update params={wt=json}{add=[S12_1099 (1835042283687247872)]} 0 5
2025-06-16 00:11:35.484 INFO  (qtp1663888181-48-null-25) [c: s: r: x:mycore t:null-25] o.a.s.u.p.LogUpdateProcessorFactory webapp=/solr path=/update params={wt=json}{add=[S12_1108 (1835042283696685056)]} 0 3
2025-06-16 00:11:35.492 INFO  (qtp1663888181-18-null-26) [c: s: r: x:mycore t:null-26] o.a.s.u.p.LogUpdateProcessorFactory webapp=/solr path=/update params={wt=json}{add=[S12_1666 (1835042283706122240)]} 0 3
2025-06-16 00:11:35.501 INFO  (qtp1663888181-26-null-27) [c: s: r: x:mycore t:null-27] o.a.s.u.p.LogUpdateProcessorFactory webapp=/solr path=/update params={wt=json}{add=[S12_2823 (1835042283715559424)]} 0 3
2025-06-16 00:11:35.512 INFO  (qtp1663888181-50-null-28) [c: s: r: x:mycore t:null-28] o.a.s.u.p.LogUpdateProcessorFactory webapp=/solr path=/update params={wt=json}{add=[S12_3148 (1835042283727093760)]} 0 3
2025-06-16 00:11:35.520 INFO  (qtp1663888181-21-null-29) [c: s: r: x:mycore t:null-29] o.a.s.u.p.LogUpdateProcessorFactory webapp=/solr path=/update params={wt=json}{add=[S12_3380 (1835042283735482368)]} 0 2
2025-06-16 00:11:35.527 INFO  (qtp1663888181-23-null-30) [c: s: r: x:mycore t:null-30] o.a.s.u.p.LogUpdateProcessorFactory webapp=/solr path=/update params={wt=json}{add=[S12_3891 (1835042283743870976)]} 0 2
2025-06-16 00:11:35.536 INFO  (qtp1663888181-48-null-31) [c: s: r: x:mycore t:null-31] o.a.s.u.p.LogUpdateProcessorFactory webapp=/solr path=/update params={wt=json}{add=[S12_3990 (1835042283753308160)]} 0 2
2025-06-16 00:11:35.546 INFO  (qtp1663888181-18-null-32) [c: s: r: x:mycore t:null-32] o.a.s.u.p.LogUpdateProcessorFactory webapp=/solr path=/update params={wt=json}{add=[S12_4473 (1835042283762745344)]} 0 2
2025-06-16 00:11:35.554 INFO  (qtp1663888181-26-null-33) [c: s: r: x:mycore t:null-33] o.a.s.u.p.LogUpdateProcessorFactory webapp=/solr path=/update params={wt=json}{add=[S12_4675 (1835042283771133952)]} 0 2
2025-06-16 00:11:35.562 INFO  (qtp1663888181-50-null-34) [c: s: r: x:mycore t:null-34] o.a.s.u.p.LogUpdateProcessorFactory webapp=/solr path=/update params={wt=json}{add=[S18_1097 (1835042283779522560)]} 0 2
2025-06-16 00:11:35.570 INFO  (qtp1663888181-21-null-35) [c: s: r: x:mycore t:null-35] o.a.s.u.p.LogUpdateProcessorFactory webapp=/solr path=/update params={wt=json}{add=[S18_1129 (1835042283786862592)]} 0 3
2025-06-16 00:11:35.579 INFO  (qtp1663888181-23-null-36) [c: s: r: x:mycore t:null-36] o.a.s.u.p.LogUpdateProcessorFactory webapp=/solr path=/update params={wt=json}{add=[S18_1342 (1835042283797348352)]} 0 3
2025-06-16 00:11:35.588 INFO  (qtp1663888181-48-null-37) [c: s: r: x:mycore t:null-37] o.a.s.u.p.LogUpdateProcessorFactory webapp=/solr path=/update params={wt=json}{add=[S18_1367 (1835042283806785536)]} 0 2
2025-06-16 00:11:35.596 INFO  (qtp1663888181-18-null-38) [c: s: r: x:mycore t:null-38] o.a.s.u.p.LogUpdateProcessorFactory webapp=/solr path=/update params={wt=json}{add=[S18_1589 (1835042283815174144)]} 0 2
2025-06-16 00:11:35.604 INFO  (qtp1663888181-26-null-39) [c: s: r: x:mycore t:null-39] o.a.s.u.p.LogUpdateProcessorFactory webapp=/solr path=/update params={wt=json}{add=[S18_1662 (1835042283823562752)]} 0 3
2025-06-16 00:11:35.616 INFO  (qtp1663888181-50-null-40) [c: s: r: x:mycore t:null-40] o.a.s.u.p.LogUpdateProcessorFactory webapp=/solr path=/update params={wt=json}{add=[S18_1749 (1835042283835097088)]} 0 3
2025-06-16 00:11:35.624 INFO  (qtp1663888181-21-null-41) [c: s: r: x:mycore t:null-41] o.a.s.u.p.LogUpdateProcessorFactory webapp=/solr path=/update params={wt=json}{add=[S18_1889 (1835042283844534272)]} 0 2
2025-06-16 00:11:35.633 INFO  (qtp1663888181-23-null-42) [c: s: r: x:mycore t:null-42] o.a.s.u.p.LogUpdateProcessorFactory webapp=/solr path=/update params={wt=json}{add=[S18_1984 (1835042283853971456)]} 0 3
2025-06-16 00:11:35.642 INFO  (qtp1663888181-48-null-43) [c: s: r: x:mycore t:null-43] o.a.s.u.p.LogUpdateProcessorFactory webapp=/solr path=/update params={wt=json}{add=[S18_2238 (1835042283863408640)]} 0 3
2025-06-16 00:11:35.649 INFO  (qtp1663888181-18-null-44) [c: s: r: x:mycore t:null-44] o.a.s.u.p.LogUpdateProcessorFactory webapp=/solr path=/update params={wt=json}{add=[S18_2248 (1835042283871797248)]} 0 2
2025-06-16 00:11:35.657 INFO  (qtp1663888181-26-null-45) [c: s: r: x:mycore t:null-45] o.a.s.u.p.LogUpdateProcessorFactory webapp=/solr path=/update params={wt=json}{add=[S18_2319 (1835042283880185856)]} 0 2
2025-06-16 00:11:35.670 INFO  (qtp1663888181-50-null-46) [c: s: r: x:mycore t:null-46] o.a.s.u.p.LogUpdateProcessorFactory webapp=/solr path=/update params={wt=json}{add=[S18_2325 (1835042283891720192)]} 0 3
2025-06-16 00:11:35.679 INFO  (qtp1663888181-21-null-47) [c: s: r: x:mycore t:null-47] o.a.s.u.p.LogUpdateProcessorFactory webapp=/solr path=/update params={wt=json}{add=[S18_2432 (1835042283902205952)]} 0 3
2025-06-16 00:11:35.687 INFO  (qtp1663888181-23-null-48) [c: s: r: x:mycore t:null-48] o.a.s.u.p.LogUpdateProcessorFactory webapp=/solr path=/update params={wt=json}{add=[S18_2581 (1835042283911643136)]} 0 2
2025-06-16 00:11:35.695 INFO  (qtp1663888181-48-null-49) [c: s: r: x:mycore t:null-49] o.a.s.u.p.LogUpdateProcessorFactory webapp=/solr path=/update params={wt=json}{add=[S18_2625 (1835042283918983168)]} 0 2
2025-06-16 00:11:35.705 INFO  (qtp1663888181-18-null-50) [c: s: r: x:mycore t:null-50] o.a.s.u.p.LogUpdateProcessorFactory webapp=/solr path=/update params={wt=json}{add=[S18_2795 (1835042283930517504)]} 0 3
2025-06-16 00:11:35.714 INFO  (qtp1663888181-26-null-51) [c: s: r: x:mycore t:null-51] o.a.s.u.p.LogUpdateProcessorFactory webapp=/solr path=/update params={wt=json}{add=[S18_2870 (1835042283938906112)]} 0 2
2025-06-16 00:11:35.722 INFO  (qtp1663888181-50-null-52) [c: s: r: x:mycore t:null-52] o.a.s.u.p.LogUpdateProcessorFactory webapp=/solr path=/update params={wt=json}{add=[S18_2949 (1835042283947294720)]} 0 2
2025-06-16 00:11:35.732 INFO  (qtp1663888181-21-null-53) [c: s: r: x:mycore t:null-53] o.a.s.u.p.LogUpdateProcessorFactory webapp=/solr path=/update params={wt=json}{add=[S18_2957 (1835042283956731904)]} 0 4
2025-06-16 00:11:35.741 INFO  (qtp1663888181-23-null-54) [c: s: r: x:mycore t:null-54] o.a.s.u.p.LogUpdateProcessorFactory webapp=/solr path=/update params={wt=json}{add=[S18_3029 (1835042283967217664)]} 0 3
2025-06-16 00:11:35.750 INFO  (qtp1663888181-48-null-55) [c: s: r: x:mycore t:null-55] o.a.s.u.p.LogUpdateProcessorFactory webapp=/solr path=/update params={wt=json}{add=[S18_3136 (1835042283976654848)]} 0 2
2025-06-16 00:11:35.758 INFO  (qtp1663888181-18-null-56) [c: s: r: x:mycore t:null-56] o.a.s.u.p.LogUpdateProcessorFactory webapp=/solr path=/update params={wt=json}{add=[S18_3140 (1835042283985043456)]} 0 3
2025-06-16 00:11:35.770 INFO  (qtp1663888181-26-null-57) [c: s: r: x:mycore t:null-57] o.a.s.u.p.LogUpdateProcessorFactory webapp=/solr path=/update params={wt=json}{add=[S18_3232 (1835042283998674944)]} 0 2
2025-06-16 00:11:35.779 INFO  (qtp1663888181-50-null-58) [c: s: r: x:mycore t:null-58] o.a.s.u.p.LogUpdateProcessorFactory webapp=/solr path=/update params={wt=json}{add=[S18_3233 (1835042284007063552)]} 0 2
2025-06-16 00:11:35.788 INFO  (qtp1663888181-21-null-59) [c: s: r: x:mycore t:null-59] o.a.s.u.p.LogUpdateProcessorFactory webapp=/solr path=/update params={wt=json}{add=[S18_3259 (1835042284016500736)]} 0 3
2025-06-16 00:11:35.799 INFO  (qtp1663888181-23-null-60) [c: s: r: x:mycore t:null-60] o.a.s.u.p.LogUpdateProcessorFactory webapp=/solr path=/update params={wt=json}{add=[S18_3278 (1835042284028035072)]} 0 2
2025-06-16 00:11:35.806 INFO  (qtp1663888181-48-null-61) [c: s: r: x:mycore t:null-61] o.a.s.u.p.LogUpdateProcessorFactory webapp=/solr path=/update params={wt=json}{add=[S18_3320 (1835042284036423680)]} 0 2
2025-06-16 00:11:35.818 INFO  (qtp1663888181-49-null-62) [c: s: r: x:mycore t:null-62] o.a.s.u.p.LogUpdateProcessorFactory webapp=/solr path=/update params={wt=json}{add=[S18_3482 (1835042284047958016)]} 0 2
2025-06-16 00:11:35.828 INFO  (qtp1663888181-26-null-63) [c: s: r: x:mycore t:null-63] o.a.s.u.p.LogUpdateProcessorFactory webapp=/solr path=/update params={wt=json}{add=[S18_3685 (1835042284058443776)]} 0 3
2025-06-16 00:11:35.838 INFO  (qtp1663888181-50-null-64) [c: s: r: x:mycore t:null-64] o.a.s.u.p.LogUpdateProcessorFactory webapp=/solr path=/update params={wt=json}{add=[S18_3782 (1835042284068929536)]} 0 3
2025-06-16 00:11:35.847 INFO  (qtp1663888181-21-null-65) [c: s: r: x:mycore t:null-65] o.a.s.u.p.LogUpdateProcessorFactory webapp=/solr path=/update params={wt=json}{add=[S18_3856 (1835042284078366720)]} 0 3
2025-06-16 00:11:35.858 INFO  (qtp1663888181-18-null-66) [c: s: r: x:mycore t:null-66] o.a.s.u.p.LogUpdateProcessorFactory webapp=/solr path=/update params={wt=json}{add=[S18_4027 (1835042284089901056)]} 0 3
2025-06-16 00:11:35.884 INFO  (qtp1663888181-48-null-67) [c: s: r: x:mycore t:null-67] o.a.s.u.p.LogUpdateProcessorFactory webapp=/solr path=/update params={wt=json}{add=[S18_4409 (1835042284116115456)]} 0 4
2025-06-16 00:11:35.898 INFO  (qtp1663888181-49-null-68) [c: s: r: x:mycore t:null-68] o.a.s.u.p.LogUpdateProcessorFactory webapp=/solr path=/update params={wt=json}{add=[S18_4522 (1835042284131844096)]} 0 5
2025-06-16 00:11:35.910 INFO  (qtp1663888181-26-null-69) [c: s: r: x:mycore t:null-69] o.a.s.u.p.LogUpdateProcessorFactory webapp=/solr path=/update params={wt=json}{add=[S18_4600 (1835042284144427008)]} 0 4
2025-06-16 00:11:35.925 INFO  (qtp1663888181-50-null-70) [c: s: r: x:mycore t:null-70] o.a.s.u.p.LogUpdateProcessorFactory webapp=/solr path=/update params={wt=json}{add=[S18_4668 (1835042284159107072)]} 0 6
2025-06-16 00:11:35.937 INFO  (qtp1663888181-21-null-71) [c: s: r: x:mycore t:null-71] o.a.s.u.p.LogUpdateProcessorFactory webapp=/solr path=/update params={wt=json}{add=[S18_4721 (1835042284172738560)]} 0 3
2025-06-16 00:11:35.950 INFO  (qtp1663888181-18-null-72) [c: s: r: x:mycore t:null-72] o.a.s.u.p.LogUpdateProcessorFactory webapp=/solr path=/update params={wt=json}{add=[S18_4933 (1835042284185321472)]} 0 4
2025-06-16 00:11:35.962 INFO  (qtp1663888181-48-null-73) [c: s: r: x:mycore t:null-73] o.a.s.u.p.LogUpdateProcessorFactory webapp=/solr path=/update params={wt=json}{add=[S24_1046 (1835042284198952960)]} 0 3
2025-06-16 00:11:35.973 INFO  (qtp1663888181-49-null-74) [c: s: r: x:mycore t:null-74] o.a.s.u.p.LogUpdateProcessorFactory webapp=/solr path=/update params={wt=json}{add=[S24_1444 (1835042284210487296)]} 0 3
2025-06-16 00:11:35.986 INFO  (qtp1663888181-26-null-75) [c: s: r: x:mycore t:null-75] o.a.s.u.p.LogUpdateProcessorFactory webapp=/solr path=/update params={wt=json}{add=[S24_1578 (1835042284223070208)]} 0 6
2025-06-16 00:11:36.000 INFO  (qtp1663888181-50-null-76) [c: s: r: x:mycore t:null-76] o.a.s.u.p.LogUpdateProcessorFactory webapp=/solr path=/update params={wt=json}{add=[S24_1628 (1835042284237750272)]} 0 5
2025-06-16 00:11:36.014 INFO  (qtp1663888181-21-null-77) [c: s: r: x:mycore t:null-77] o.a.s.u.p.LogUpdateProcessorFactory webapp=/solr path=/update params={wt=json}{add=[S24_1785 (1835042284252430336)]} 0 5
2025-06-16 00:11:36.026 INFO  (qtp1663888181-18-null-78) [c: s: r: x:mycore t:null-78] o.a.s.u.p.LogUpdateProcessorFactory webapp=/solr path=/update params={wt=json}{add=[S24_1937 (1835042284266061824)]} 0 4
2025-06-16 00:11:36.036 INFO  (qtp1663888181-48-null-79) [c: s: r: x:mycore t:null-79] o.a.s.u.p.LogUpdateProcessorFactory webapp=/solr path=/update params={wt=json}{add=[S24_2000 (1835042284276547584)]} 0 2
2025-06-16 00:11:36.043 INFO  (qtp1663888181-49-null-80) [c: s: r: x:mycore t:null-80] o.a.s.u.p.LogUpdateProcessorFactory webapp=/solr path=/update params={wt=json}{add=[S24_2011 (1835042284284936192)]} 0 2
2025-06-16 00:11:36.053 INFO  (qtp1663888181-23-null-81) [c: s: r: x:mycore t:null-81] o.a.s.u.p.LogUpdateProcessorFactory webapp=/solr path=/update params={wt=json}{add=[S24_2022 (1835042284293324800)]} 0 3
2025-06-16 00:11:36.061 INFO  (qtp1663888181-50-null-82) [c: s: r: x:mycore t:null-82] o.a.s.u.p.LogUpdateProcessorFactory webapp=/solr path=/update params={wt=json}{add=[S24_2300 (1835042284302761984)]} 0 2
2025-06-16 00:11:36.069 INFO  (qtp1663888181-21-null-83) [c: s: r: x:mycore t:null-83] o.a.s.u.p.LogUpdateProcessorFactory webapp=/solr path=/update params={wt=json}{add=[S24_2360 (1835042284311150592)]} 0 2
2025-06-16 00:11:36.077 INFO  (qtp1663888181-26-null-84) [c: s: r: x:mycore t:null-84] o.a.s.u.p.LogUpdateProcessorFactory webapp=/solr path=/update params={wt=json}{add=[S24_2766 (1835042284319539200)]} 0 2
2025-06-16 00:11:36.087 INFO  (qtp1663888181-48-null-85) [c: s: r: x:mycore t:null-85] o.a.s.u.p.LogUpdateProcessorFactory webapp=/solr path=/update params={wt=json}{add=[S24_2840 (1835042284331073536)]} 0 2
2025-06-16 00:11:36.095 INFO  (qtp1663888181-49-null-86) [c: s: r: x:mycore t:null-86] o.a.s.u.p.LogUpdateProcessorFactory webapp=/solr path=/update params={wt=json}{add=[S24_2841 (1835042284339462144)]} 0 2
2025-06-16 00:11:36.105 INFO  (qtp1663888181-23-null-87) [c: s: r: x:mycore t:null-87] o.a.s.u.p.LogUpdateProcessorFactory webapp=/solr path=/update params={wt=json}{add=[S24_2887 (1835042284348899328)]} 0 2
2025-06-16 00:11:36.115 INFO  (qtp1663888181-50-null-88) [c: s: r: x:mycore t:null-88] o.a.s.u.p.LogUpdateProcessorFactory webapp=/solr path=/update params={wt=json}{add=[S24_2972 (1835042284359385088)]} 0 2
2025-06-16 00:11:36.123 INFO  (qtp1663888181-18-null-89) [c: s: r: x:mycore t:null-89] o.a.s.u.p.LogUpdateProcessorFactory webapp=/solr path=/update params={wt=json}{add=[S24_3151 (1835042284368822272)]} 0 2
2025-06-16 00:11:36.131 INFO  (qtp1663888181-26-null-90) [c: s: r: x:mycore t:null-90] o.a.s.u.p.LogUpdateProcessorFactory webapp=/solr path=/update params={wt=json}{add=[S24_3191 (1835042284376162304)]} 0 2
2025-06-16 00:11:36.142 INFO  (qtp1663888181-48-null-91) [c: s: r: x:mycore t:null-91] o.a.s.u.p.LogUpdateProcessorFactory webapp=/solr path=/update params={wt=json}{add=[S24_3371 (1835042284387696640)]} 0 3
2025-06-16 00:11:36.151 INFO  (qtp1663888181-49-null-92) [c: s: r: x:mycore t:null-92] o.a.s.u.p.LogUpdateProcessorFactory webapp=/solr path=/update params={wt=json}{add=[S24_3420 (1835042284397133824)]} 0 2
2025-06-16 00:11:36.158 INFO  (qtp1663888181-23-null-93) [c: s: r: x:mycore t:null-93] o.a.s.u.p.LogUpdateProcessorFactory webapp=/solr path=/update params={wt=json}{add=[S24_3432 (1835042284405522432)]} 0 2
2025-06-16 00:11:36.169 INFO  (qtp1663888181-50-null-94) [c: s: r: x:mycore t:null-94] o.a.s.u.p.LogUpdateProcessorFactory webapp=/solr path=/update params={wt=json}{add=[S24_3816 (1835042284416008192)]} 0 3
2025-06-16 00:11:36.181 INFO  (qtp1663888181-18-null-95) [c: s: r: x:mycore t:null-95] o.a.s.u.p.LogUpdateProcessorFactory webapp=/solr path=/update params={wt=json}{add=[S24_3856 (1835042284428591104)]} 0 3
2025-06-16 00:11:36.191 INFO  (qtp1663888181-26-null-96) [c: s: r: x:mycore t:null-96] o.a.s.u.p.LogUpdateProcessorFactory webapp=/solr path=/update params={wt=json}{add=[S24_3949 (1835042284439076864)]} 0 2
2025-06-16 00:11:36.202 INFO  (qtp1663888181-21-null-97) [c: s: r: x:mycore t:null-97] o.a.s.u.p.LogUpdateProcessorFactory webapp=/solr path=/update params={wt=json}{add=[S24_3969 (1835042284449562624)]} 0 4
2025-06-16 00:11:36.211 INFO  (qtp1663888181-49-null-98) [c: s: r: x:mycore t:null-98] o.a.s.u.p.LogUpdateProcessorFactory webapp=/solr path=/update params={wt=json}{add=[S24_4048 (1835042284460048384)]} 0 2
2025-06-16 00:11:36.218 INFO  (qtp1663888181-23-null-99) [c: s: r: x:mycore t:null-99] o.a.s.u.p.LogUpdateProcessorFactory webapp=/solr path=/update params={wt=json}{add=[S24_4258 (1835042284467388416)]} 0 2
2025-06-16 00:11:36.225 INFO  (qtp1663888181-50-null-100) [c: s: r: x:mycore t:null-100] o.a.s.u.p.LogUpdateProcessorFactory webapp=/solr path=/update params={wt=json}{add=[S24_4278 (1835042284475777024)]} 0 2
2025-06-16 00:11:36.235 INFO  (qtp1663888181-18-null-101) [c: s: r: x:mycore t:null-101] o.a.s.u.p.LogUpdateProcessorFactory webapp=/solr path=/update params={wt=json}{add=[S24_4620 (1835042284485214208)]} 0 2
2025-06-16 00:11:36.245 INFO  (qtp1663888181-26-null-102) [c: s: r: x:mycore t:null-102] o.a.s.u.p.LogUpdateProcessorFactory webapp=/solr path=/update params={wt=json}{add=[S32_1268 (1835042284494651392)]} 0 4
2025-06-16 00:11:36.253 INFO  (qtp1663888181-21-null-103) [c: s: r: x:mycore t:null-103] o.a.s.u.p.LogUpdateProcessorFactory webapp=/solr path=/update params={wt=json}{add=[S32_1374 (1835042284504088576)]} 0 2
2025-06-16 00:11:36.261 INFO  (qtp1663888181-49-null-104) [c: s: r: x:mycore t:null-104] o.a.s.u.p.LogUpdateProcessorFactory webapp=/solr path=/update params={wt=json}{add=[S32_2206 (1835042284512477184)]} 0 3
2025-06-16 00:11:36.270 INFO  (qtp1663888181-23-null-105) [c: s: r: x:mycore t:null-105] o.a.s.u.p.LogUpdateProcessorFactory webapp=/solr path=/update params={wt=json}{add=[S32_2509 (1835042284521914368)]} 0 2
2025-06-16 00:11:36.277 INFO  (qtp1663888181-50-null-106) [c: s: r: x:mycore t:null-106] o.a.s.u.p.LogUpdateProcessorFactory webapp=/solr path=/update params={wt=json}{add=[S32_3207 (1835042284529254400)]} 0 2
2025-06-16 00:11:36.283 INFO  (qtp1663888181-18-null-107) [c: s: r: x:mycore t:null-107] o.a.s.u.p.LogUpdateProcessorFactory webapp=/solr path=/update params={wt=json}{add=[S32_3522 (1835042284536594432)]} 0 1
2025-06-16 00:11:36.292 INFO  (qtp1663888181-26-null-108) [c: s: r: x:mycore t:null-108] o.a.s.u.p.LogUpdateProcessorFactory webapp=/solr path=/update params={wt=json}{add=[S32_4289 (1835042284543934464)]} 0 2
2025-06-16 00:11:36.301 INFO  (qtp1663888181-48-null-109) [c: s: r: x:mycore t:null-109] o.a.s.u.p.LogUpdateProcessorFactory webapp=/solr path=/update params={wt=json}{add=[S32_4485 (1835042284554420224)]} 0 2
2025-06-16 00:11:36.311 INFO  (qtp1663888181-49-null-110) [c: s: r: x:mycore t:null-110] o.a.s.u.p.LogUpdateProcessorFactory webapp=/solr path=/update params={wt=json}{add=[S50_1341 (1835042284562808832)]} 0 5
2025-06-16 00:11:36.320 INFO  (qtp1663888181-23-null-111) [c: s: r: x:mycore t:null-111] o.a.s.u.p.LogUpdateProcessorFactory webapp=/solr path=/update params={wt=json}{add=[S50_1392 (1835042284575391744)]} 0 2
2025-06-16 00:11:36.328 INFO  (qtp1663888181-50-null-112) [c: s: r: x:mycore t:null-112] o.a.s.u.p.LogUpdateProcessorFactory webapp=/solr path=/update params={wt=json}{add=[S50_1514 (1835042284582731776)]} 0 2
2025-06-16 00:11:36.338 INFO  (qtp1663888181-18-null-113) [c: s: r: x:mycore t:null-113] o.a.s.u.p.LogUpdateProcessorFactory webapp=/solr path=/update params={wt=json}{add=[S50_4713 (1835042284594266112)]} 0 2
2025-06-16 00:11:36.347 INFO  (qtp1663888181-26-null-114) [c: s: r: x:mycore t:null-114] o.a.s.u.p.LogUpdateProcessorFactory webapp=/solr path=/update params={wt=json}{add=[S700_1138 (1835042284602654720)]} 0 3
2025-06-16 00:11:36.355 INFO  (qtp1663888181-21-null-115) [c: s: r: x:mycore t:null-115] o.a.s.u.p.LogUpdateProcessorFactory webapp=/solr path=/update params={wt=json}{add=[S700_1691 (1835042284612091904)]} 0 2
2025-06-16 00:11:36.363 INFO  (qtp1663888181-49-null-116) [c: s: r: x:mycore t:null-116] o.a.s.u.p.LogUpdateProcessorFactory webapp=/solr path=/update params={wt=json}{add=[S700_1938 (1835042284620480512)]} 0 2
2025-06-16 00:11:36.382 INFO  (qtp1663888181-23-null-117) [c: s: r: x:mycore t:null-117] o.a.s.u.p.LogUpdateProcessorFactory webapp=/solr path=/update params={wt=json}{add=[S700_2047 (1835042284627820544)]} 0 13
2025-06-16 00:11:36.390 INFO  (qtp1663888181-50-null-118) [c: s: r: x:mycore t:null-118] o.a.s.u.p.LogUpdateProcessorFactory webapp=/solr path=/update params={wt=json}{add=[S700_2466 (1835042284647743488)]} 0 1
2025-06-16 00:11:36.399 INFO  (qtp1663888181-18-null-119) [c: s: r: x:mycore t:null-119] o.a.s.u.p.LogUpdateProcessorFactory webapp=/solr path=/update params={wt=json}{add=[S700_2610 (1835042284657180672)]} 0 3
2025-06-16 00:11:36.409 INFO  (qtp1663888181-26-null-120) [c: s: r: x:mycore t:null-120] o.a.s.u.p.LogUpdateProcessorFactory webapp=/solr path=/update params={wt=json}{add=[S700_2824 (1835042284667666432)]} 0 2
2025-06-16 00:11:36.418 INFO  (qtp1663888181-21-null-121) [c: s: r: x:mycore t:null-121] o.a.s.u.p.LogUpdateProcessorFactory webapp=/solr path=/update params={wt=json}{add=[S700_2834 (1835042284678152192)]} 0 2
2025-06-16 00:11:36.426 INFO  (qtp1663888181-49-null-122) [c: s: r: x:mycore t:null-122] o.a.s.u.p.LogUpdateProcessorFactory webapp=/solr path=/update params={wt=json}{add=[S700_3167 (1835042284686540800)]} 0 2
2025-06-16 00:11:36.436 INFO  (qtp1663888181-23-null-123) [c: s: r: x:mycore t:null-123] o.a.s.u.p.LogUpdateProcessorFactory webapp=/solr path=/update params={wt=json}{add=[S700_3505 (1835042284697026560)]} 0 2
2025-06-16 00:11:36.443 INFO  (qtp1663888181-50-null-124) [c: s: r: x:mycore t:null-124] o.a.s.u.p.LogUpdateProcessorFactory webapp=/solr path=/update params={wt=json}{add=[S700_3962 (1835042284704366592)]} 0 2
2025-06-16 00:11:36.451 INFO  (qtp1663888181-48-null-125) [c: s: r: x:mycore t:null-125] o.a.s.u.p.LogUpdateProcessorFactory webapp=/solr path=/update params={wt=json}{add=[S700_4002 (1835042284711706624)]} 0 2
2025-06-16 00:11:36.460 INFO  (qtp1663888181-26-null-126) [c: s: r: x:mycore t:null-126] o.a.s.u.p.LogUpdateProcessorFactory webapp=/solr path=/update params={wt=json}{add=[S72_1253 (1835042284721143808)]} 0 3
2025-06-16 00:11:36.469 INFO  (qtp1663888181-21-null-127) [c: s: r: x:mycore t:null-127] o.a.s.u.p.LogUpdateProcessorFactory webapp=/solr path=/update params={wt=json}{add=[S72_3212 (1835042284731629568)]} 0 2
2025-06-16 00:11:37.180 INFO  (searcherExecutor-15-thread-2-processing-mycore null-128) [c: s: r: x:mycore t:null-128] o.a.s.c.QuerySenderListener QuerySenderListener done.
2025-06-16 00:11:37.211 INFO  (searcherExecutor-15-thread-2-processing-mycore null-128) [c: s: r: x:mycore t:null-128] o.a.s.c.SolrCore Registered new searcher autowarm time: 15 ms
2025-06-16 00:11:37.212 INFO  (qtp1663888181-49-null-128) [c: s: r: x:mycore t:null-128] o.a.s.u.p.LogUpdateProcessorFactory webapp=/solr path=/update params={wt=json}{commit=} 0 737
2025-06-16 00:11:48.156 INFO  (qtp1663888181-18-null-130) [c: s: r: x: t:null-130] o.a.s.s.HttpSolrCall [admin] webapp=null path=/admin/cores params={indexInfo=false&wt=json&_=1750032708100} status=0 QTime=1
2025-06-16 00:11:48.173 INFO  (qtp1663888181-48-null-132) [c: s: r: x:mycore t:null-132] o.a.s.c.S.Request webapp=/solr path=/config/params params={wt=json&_=1750032708136} status=0 QTime=0
2025-06-16 00:11:48.185 INFO  (qtp1663888181-50-null-131) [c: s: r: x: t:null-131] o.a.s.s.HttpSolrCall [admin] webapp=null path=/admin/info/system params={wt=json&_=1750032708101} status=0 QTime=28
2025-06-16 00:11:50.395 INFO  (qtp1663888181-56-null-133) [c: s: r: x: t:null-133] o.a.s.s.HttpSolrCall [admin] webapp=null path=/admin/cores params={indexInfo=false&wt=json&_=1750032708100} status=0 QTime=0
2025-06-16 00:11:50.424 INFO  (qtp1663888181-26-null-136) [c: s: r: x:mycore t:null-136] o.a.s.c.S.Request webapp=/solr path=/config/params params={wt=json&_=1750032708136} status=0 QTime=0
2025-06-16 00:11:50.444 INFO  (qtp1663888181-23-null-135) [c: s: r: x: t:null-135] o.a.s.s.HttpSolrCall [admin] webapp=null path=/admin/info/system params={wt=json&_=1750032708101} status=0 QTime=47
2025-06-16 00:11:50.515 INFO  (qtp1663888181-18-null-134) [c: s: r: x:mycore t:null-134] o.a.s.c.S.Request webapp=/solr path=/select params={q=*:*&indent=true&q.op=OR&useParams=&_=1750032708136} hits=110 status=0 QTime=118
2025-06-16 00:19:22.556 INFO  (qtp1663888181-26-null-137) [c: s: r: x:mycore t:null-137] o.a.s.c.S.Request webapp=/solr path=/select params={q=productName:*suzuki*&wt=json} hits=1 status=0 QTime=181
2025-06-16 00:19:37.304 INFO  (qtp1663888181-49-null-138) [c: s: r: x:mycore t:null-138] o.a.s.c.S.Request webapp=/solr path=/select params={q=productName:*moto*&wt=json} hits=1 status=0 QTime=14
2025-06-16 00:20:28.126 INFO  (qtp1663888181-56-null-139) [c: s: r: x:mycore t:null-139] o.a.s.c.S.Request webapp=/solr path=/select params={q=productName:*19*&wt=json} hits=86 status=0 QTime=16
2025-06-16 00:20:40.946 INFO  (qtp1663888181-18-null-140) [c: s: r: x:mycore t:null-140] o.a.s.c.S.Request webapp=/solr path=/select params={q=productName:*classic*&wt=json} hits=0 status=0 QTime=9
2025-06-16 00:20:44.664 INFO  (qtp1663888181-25-null-141) [c: s: r: x:mycore t:null-141] o.a.s.c.S.Request webapp=/solr path=/select params={q=productName:*class*&wt=json} hits=0 status=0 QTime=6
2025-06-16 00:20:48.440 INFO  (qtp1663888181-23-null-142) [c: s: r: x:mycore t:null-142] o.a.s.c.S.Request webapp=/solr path=/select params={q=productName:**&wt=json} hits=110 status=0 QTime=4
2025-06-16 00:22:47.236 INFO  (qtp1663888181-21-null-143) [c: s: r: x:mycore t:null-143] o.a.s.c.S.Request webapp=/solr path=/select params={q=productName:**&rows=200&wt=json} hits=110 status=0 QTime=15
2025-06-16 00:22:58.188 INFO  (qtp1663888181-48-null-144) [c: s: r: x:mycore t:null-144] o.a.s.c.S.Request webapp=/solr path=/select params={q=productName:*classic*&rows=200&wt=json} hits=0 status=0 QTime=7
2025-06-16 00:23:01.968 INFO  (qtp1663888181-56-null-145) [c: s: r: x:mycore t:null-145] o.a.s.c.S.Request webapp=/solr path=/select params={q=productName:**&rows=200&wt=json} hits=110 status=0 QTime=1
2025-06-16 00:23:07.252 INFO  (qtp1663888181-18-null-146) [c: s: r: x:mycore t:null-146] o.a.s.c.S.Request webapp=/solr path=/select params={q=productName:*chop*&rows=200&wt=json} hits=1 status=0 QTime=4
2025-06-16 00:23:17.774 INFO  (qtp1663888181-49-null-147) [c: s: r: x:mycore t:null-147] o.a.s.c.S.Request webapp=/solr path=/select params={q=productName:*classic+cả*&rows=200&wt=json} hits=0 status=0 QTime=39
2025-06-16 00:23:21.075 INFO  (qtp1663888181-23-null-148) [c: s: r: x:mycore t:null-148] o.a.s.c.S.Request webapp=/solr path=/select params={q=productName:*classic+car*&rows=200&wt=json} hits=0 status=0 QTime=7
2025-06-16 00:23:24.336 INFO  (qtp1663888181-21-null-149) [c: s: r: x:mycore t:null-149] o.a.s.c.S.Request webapp=/solr path=/select params={q=productName:**&rows=200&wt=json} hits=110 status=0 QTime=1
2025-06-16 00:23:33.648 INFO  (qtp1663888181-48-null-150) [c: s: r: x:mycore t:null-150] o.a.s.c.S.Request webapp=/solr path=/select params={q=productName:*Classic+Cars*&rows=200&wt=json} hits=0 status=0 QTime=4
2025-06-16 00:23:37.118 INFO  (qtp1663888181-56-null-151) [c: s: r: x:mycore t:null-151] o.a.s.c.S.Request webapp=/solr path=/select params={q=productName:**&rows=200&wt=json} hits=110 status=0 QTime=1
2025-06-16 00:23:53.736 INFO  (qtp1663888181-18-null-152) [c: s: r: x:mycore t:null-152] o.a.s.c.S.Request webapp=/solr path=/select params={q=productName:*titanic*&rows=200&wt=json} hits=1 status=0 QTime=7
2025-06-16 00:23:58.552 INFO  (qtp1663888181-49-null-153) [c: s: r: x:mycore t:null-153] o.a.s.c.S.Request webapp=/solr path=/select params={q=productName:*ship*&rows=200&wt=json} hits=1 status=0 QTime=4
2025-06-16 00:24:03.763 INFO  (qtp1663888181-25-null-154) [c: s: r: x:mycore t:null-154] o.a.s.c.S.Request webapp=/solr path=/select params={q=productName:*ships*&rows=200&wt=json} hits=0 status=0 QTime=4
2025-06-16 00:24:06.843 INFO  (qtp1663888181-21-null-155) [c: s: r: x:mycore t:null-155] o.a.s.c.S.Request webapp=/solr path=/select params={q=productName:**&rows=200&wt=json} hits=110 status=0 QTime=1
2025-06-16 00:24:12.899 INFO  (qtp1663888181-48-null-156) [c: s: r: x:mycore t:null-156] o.a.s.c.S.Request webapp=/solr path=/select params={q=productName:*moto*&rows=200&wt=json} hits=1 status=0 QTime=4
2025-06-16 00:25:13.006 INFO  (qtp1663888181-56-null-157) [c: s: r: x:mycore t:null-157] o.a.s.c.S.Request webapp=/solr path=/select params={q=moto&rows=200&wt=json} hits=0 status=0 QTime=30
2025-06-16 00:25:16.309 INFO  (qtp1663888181-23-null-158) [c: s: r: x:mycore t:null-158] o.a.s.c.S.Request webapp=/solr path=/select params={q=moto&rows=200&wt=json} hits=0 status=0 QTime=0
2025-06-16 00:25:20.664 INFO  (qtp1663888181-49-null-159) [c: s: r: x:mycore t:null-159] o.a.s.c.S.Request webapp=/solr path=/select params={q=*:*&rows=200&wt=json} hits=110 status=0 QTime=1
2025-06-16 00:25:28.126 INFO  (qtp1663888181-25-null-160) [c: s: r: x:mycore t:null-160] o.a.s.c.S.Request webapp=/solr path=/select params={q=titanic&rows=200&wt=json} hits=0 status=0 QTime=2
2025-06-16 00:26:40.182 INFO  (qtp1663888181-21-null-161) [c: s: r: x:mycore t:null-161] o.a.s.c.S.Request webapp=/solr path=/select params={q=titanic&defType=edismax&qf=productName+productLine+productVendor+productDescription+productScale+quantityInStock+buyPrice+MSRP&rows=200&wt=json} hits=1 status=0 QTime=47
2025-06-16 00:26:45.001 INFO  (qtp1663888181-48-null-162) [c: s: r: x:mycore t:null-162] o.a.s.c.S.Request webapp=/solr path=/select params={q=ship&defType=edismax&qf=productName+productLine+productVendor+productDescription+productScale+quantityInStock+buyPrice+MSRP&rows=200&wt=json} hits=1 status=0 QTime=4
2025-06-16 00:27:25.421 INFO  (qtp1663888181-56-null-163) [c: s: r: x:mycore t:null-163] o.a.s.c.S.Request webapp=/solr path=/select params={q=car&defType=edismax&qf=productName+productLine+productVendor+productDescription+productScale+quantityInStock+buyPrice+MSRP&rows=200&wt=json} hits=7 status=0 QTime=11
2025-06-16 00:27:38.601 INFO  (qtp1663888181-23-null-164) [c: s: r: x:mycore t:null-164] o.a.s.c.S.Request webapp=/solr path=/select params={q=ships&defType=edismax&qf=productName+productLine+productVendor+productDescription+productScale+quantityInStock+buyPrice+MSRP&rows=200&wt=json} hits=9 status=0 QTime=2
2025-06-16 00:27:42.694 INFO  (qtp1663888181-49-null-165) [c: s: r: x:mycore t:null-165] o.a.s.c.S.Request webapp=/solr path=/select params={q=ship&defType=edismax&qf=productName+productLine+productVendor+productDescription+productScale+quantityInStock+buyPrice+MSRP&rows=200&wt=json} hits=1 status=0 QTime=2
2025-06-16 00:27:45.450 INFO  (qtp1663888181-25-null-166) [c: s: r: x:mycore t:null-166] o.a.s.c.S.Request webapp=/solr path=/select params={q=ships&defType=edismax&qf=productName+productLine+productVendor+productDescription+productScale+quantityInStock+buyPrice+MSRP&rows=200&wt=json} hits=9 status=0 QTime=1
2025-06-16 00:37:44.078 INFO  (qtp1663888181-26-null-167) [c: s: r: x:mycore t:null-167] o.a.s.c.S.Request webapp=/solr path=/select params={q=ships&defType=edismax&qf=productName+productLine+productVendor+productDescription+productScale+quantityInStock+buyPrice+MSRP&rows=200&wt=json} hits=9 status=0 QTime=7
2025-06-16 00:38:06.472 INFO  (qtp1663888181-21-null-168) [c: s: r: x:mycore t:null-168] o.a.s.c.S.Request webapp=/solr path=/select params={q=*:*&defType=edismax&qf=productName+productLine+productVendor+productDescription+productScale+quantityInStock+buyPrice+MSRP&rows=200&wt=json} hits=110 status=0 QTime=11
2025-06-16 00:45:02.441 INFO  (qtp1663888181-26-null-169) [c: s: r: x:mycore t:null-169] o.a.s.s.ManagedIndexSchema Upgraded to managed schema at /var/solr/data/mycore/conf/managed-schema.xml
2025-06-16 00:45:02.510 INFO  (qtp1663888181-26-null-169) [c: s: r: x:mycore t:null-169] o.a.s.u.p.LogUpdateProcessorFactory webapp=/solr path=/update params={wt=json}{add=[S10_1678 (1835044388176134144)]} 0 1395
2025-06-16 00:45:02.520 INFO  (qtp1663888181-49-null-170) [c: s: r: x:mycore t:null-170] o.a.s.u.p.LogUpdateProcessorFactory webapp=/solr path=/update params={wt=json}{add=[S10_1949 (1835044388227514368)]} 0 2
2025-06-16 00:45:02.528 INFO  (qtp1663888181-25-null-171) [c: s: r: x:mycore t:null-171] o.a.s.u.p.LogUpdateProcessorFactory webapp=/solr path=/update params={wt=json}{add=[S10_2016 (1835044388235902976)]} 0 2
2025-06-16 00:45:02.537 INFO  (qtp1663888181-18-null-172) [c: s: r: x:mycore t:null-172] o.a.s.u.p.LogUpdateProcessorFactory webapp=/solr path=/update params={wt=json}{add=[S10_4698 (1835044388246388736)]} 0 2
2025-06-16 00:45:02.545 INFO  (qtp1663888181-21-null-173) [c: s: r: x:mycore t:null-173] o.a.s.u.p.LogUpdateProcessorFactory webapp=/solr path=/update params={wt=json}{add=[S10_4757 (1835044388253728768)]} 0 1
2025-06-16 00:45:02.553 INFO  (qtp1663888181-50-null-174) [c: s: r: x:mycore t:null-174] o.a.s.u.p.LogUpdateProcessorFactory webapp=/solr path=/update params={wt=json}{add=[S10_4962 (1835044388262117376)]} 0 3
2025-06-16 00:45:02.561 INFO  (qtp1663888181-48-null-175) [c: s: r: x:mycore t:null-175] o.a.s.u.p.LogUpdateProcessorFactory webapp=/solr path=/update params={wt=json}{add=[S12_1099 (1835044388271554560)]} 0 2
2025-06-16 00:45:02.572 INFO  (qtp1663888181-49-null-176) [c: s: r: x:mycore t:null-176] o.a.s.u.p.LogUpdateProcessorFactory webapp=/solr path=/update params={wt=json}{add=[S12_1108 (1835044388278894592)]} 0 5
2025-06-16 00:45:02.582 INFO  (qtp1663888181-25-null-177) [c: s: r: x:mycore t:null-177] o.a.s.u.p.LogUpdateProcessorFactory webapp=/solr path=/update params={wt=json}{add=[S12_1666 (1835044388293574656)]} 0 2
2025-06-16 00:45:02.590 INFO  (qtp1663888181-18-null-178) [c: s: r: x:mycore t:null-178] o.a.s.u.p.LogUpdateProcessorFactory webapp=/solr path=/update params={wt=json}{add=[S12_2823 (1835044388300914688)]} 0 2
2025-06-16 00:45:02.600 INFO  (qtp1663888181-21-null-179) [c: s: r: x:mycore t:null-179] o.a.s.u.p.LogUpdateProcessorFactory webapp=/solr path=/update params={wt=json}{add=[S12_3148 (1835044388312449024)]} 0 2
2025-06-16 00:45:02.608 INFO  (qtp1663888181-50-null-180) [c: s: r: x:mycore t:null-180] o.a.s.u.p.LogUpdateProcessorFactory webapp=/solr path=/update params={wt=json}{add=[S12_3380 (1835044388320837632)]} 0 2
2025-06-16 00:45:02.616 INFO  (qtp1663888181-48-null-181) [c: s: r: x:mycore t:null-181] o.a.s.u.p.LogUpdateProcessorFactory webapp=/solr path=/update params={wt=json}{add=[S12_3891 (1835044388329226240)]} 0 2
2025-06-16 00:45:02.624 INFO  (qtp1663888181-49-null-182) [c: s: r: x:mycore t:null-182] o.a.s.u.p.LogUpdateProcessorFactory webapp=/solr path=/update params={wt=json}{add=[S12_3990 (1835044388337614848)]} 0 2
2025-06-16 00:45:02.632 INFO  (qtp1663888181-25-null-183) [c: s: r: x:mycore t:null-183] o.a.s.u.p.LogUpdateProcessorFactory webapp=/solr path=/update params={wt=json}{add=[S12_4473 (1835044388346003456)]} 0 2
2025-06-16 00:45:02.641 INFO  (qtp1663888181-18-null-184) [c: s: r: x:mycore t:null-184] o.a.s.u.p.LogUpdateProcessorFactory webapp=/solr path=/update params={wt=json}{add=[S12_4675 (1835044388354392064)]} 0 2
2025-06-16 00:45:02.649 INFO  (qtp1663888181-21-null-185) [c: s: r: x:mycore t:null-185] o.a.s.u.p.LogUpdateProcessorFactory webapp=/solr path=/update params={wt=json}{add=[S18_1097 (1835044388363829248)]} 0 3
2025-06-16 00:45:02.658 INFO  (qtp1663888181-50-null-186) [c: s: r: x:mycore t:null-186] o.a.s.u.p.LogUpdateProcessorFactory webapp=/solr path=/update params={wt=json}{add=[S18_1129 (1835044388373266432)]} 0 2
2025-06-16 00:45:02.665 INFO  (qtp1663888181-48-null-187) [c: s: r: x:mycore t:null-187] o.a.s.u.p.LogUpdateProcessorFactory webapp=/solr path=/update params={wt=json}{add=[S18_1342 (1835044388379557888)]} 0 2
2025-06-16 00:45:02.672 INFO  (qtp1663888181-49-null-188) [c: s: r: x:mycore t:null-188] o.a.s.u.p.LogUpdateProcessorFactory webapp=/solr path=/update params={wt=json}{add=[S18_1367 (1835044388387946496)]} 0 1
2025-06-16 00:45:02.681 INFO  (qtp1663888181-25-null-189) [c: s: r: x:mycore t:null-189] o.a.s.u.p.LogUpdateProcessorFactory webapp=/solr path=/update params={wt=json}{add=[S18_1589 (1835044388396335104)]} 0 2
2025-06-16 00:45:02.688 INFO  (qtp1663888181-18-null-190) [c: s: r: x:mycore t:null-190] o.a.s.u.p.LogUpdateProcessorFactory webapp=/solr path=/update params={wt=json}{add=[S18_1662 (1835044388404723712)]} 0 1
2025-06-16 00:45:02.695 INFO  (qtp1663888181-21-null-191) [c: s: r: x:mycore t:null-191] o.a.s.u.p.LogUpdateProcessorFactory webapp=/solr path=/update params={wt=json}{add=[S18_1749 (1835044388412063744)]} 0 2
2025-06-16 00:45:02.704 INFO  (qtp1663888181-50-null-192) [c: s: r: x:mycore t:null-192] o.a.s.u.p.LogUpdateProcessorFactory webapp=/solr path=/update params={wt=json}{add=[S18_1889 (1835044388421500928)]} 0 2
2025-06-16 00:45:02.711 INFO  (qtp1663888181-48-null-193) [c: s: r: x:mycore t:null-193] o.a.s.u.p.LogUpdateProcessorFactory webapp=/solr path=/update params={wt=json}{add=[S18_1984 (1835044388428840960)]} 0 2
2025-06-16 00:45:02.732 INFO  (qtp1663888181-49-null-194) [c: s: r: x:mycore t:null-194] o.a.s.u.p.LogUpdateProcessorFactory webapp=/solr path=/update params={wt=json}{add=[S18_2238 (1835044388449812480)]} 0 2
2025-06-16 00:45:02.740 INFO  (qtp1663888181-25-null-195) [c: s: r: x:mycore t:null-195] o.a.s.u.p.LogUpdateProcessorFactory webapp=/solr path=/update params={wt=json}{add=[S18_2248 (1835044388459249664)]} 0 1
2025-06-16 00:45:02.747 INFO  (qtp1663888181-18-null-196) [c: s: r: x:mycore t:null-196] o.a.s.u.p.LogUpdateProcessorFactory webapp=/solr path=/update params={wt=json}{add=[S18_2319 (1835044388466589696)]} 0 2
2025-06-16 00:45:02.755 INFO  (qtp1663888181-21-null-197) [c: s: r: x:mycore t:null-197] o.a.s.u.p.LogUpdateProcessorFactory webapp=/solr path=/update params={wt=json}{add=[S18_2325 (1835044388474978304)]} 0 1
2025-06-16 00:45:02.762 INFO  (qtp1663888181-50-null-198) [c: s: r: x:mycore t:null-198] o.a.s.u.p.LogUpdateProcessorFactory webapp=/solr path=/update params={wt=json}{add=[S18_2432 (1835044388482318336)]} 0 1
2025-06-16 00:45:02.771 INFO  (qtp1663888181-48-null-199) [c: s: r: x:mycore t:null-199] o.a.s.u.p.LogUpdateProcessorFactory webapp=/solr path=/update params={wt=json}{add=[S18_2581 (1835044388490706944)]} 0 2
2025-06-16 00:45:02.779 INFO  (qtp1663888181-23-null-200) [c: s: r: x:mycore t:null-200] o.a.s.u.p.LogUpdateProcessorFactory webapp=/solr path=/update params={wt=json}{add=[S18_2625 (1835044388500144128)]} 0 1
2025-06-16 00:45:02.786 INFO  (qtp1663888181-25-null-201) [c: s: r: x:mycore t:null-201] o.a.s.u.p.LogUpdateProcessorFactory webapp=/solr path=/update params={wt=json}{add=[S18_2795 (1835044388507484160)]} 0 1
2025-06-16 00:45:02.795 INFO  (qtp1663888181-18-null-202) [c: s: r: x:mycore t:null-202] o.a.s.u.p.LogUpdateProcessorFactory webapp=/solr path=/update params={wt=json}{add=[S18_2870 (1835044388516921344)]} 0 2
2025-06-16 00:45:02.803 INFO  (qtp1663888181-21-null-203) [c: s: r: x:mycore t:null-203] o.a.s.u.p.LogUpdateProcessorFactory webapp=/solr path=/update params={wt=json}{add=[S18_2949 (1835044388525309952)]} 0 2
2025-06-16 00:45:02.815 INFO  (qtp1663888181-50-null-204) [c: s: r: x:mycore t:null-204] o.a.s.u.p.LogUpdateProcessorFactory webapp=/solr path=/update params={wt=json}{add=[S18_2957 (1835044388536844288)]} 0 3
2025-06-16 00:45:02.822 INFO  (qtp1663888181-48-null-205) [c: s: r: x:mycore t:null-205] o.a.s.u.p.LogUpdateProcessorFactory webapp=/solr path=/update params={wt=json}{add=[S18_3029 (1835044388545232896)]} 0 2
2025-06-16 00:45:02.829 INFO  (qtp1663888181-23-null-206) [c: s: r: x:mycore t:null-206] o.a.s.u.p.LogUpdateProcessorFactory webapp=/solr path=/update params={wt=json}{add=[S18_3136 (1835044388551524352)]} 0 2
2025-06-16 00:45:02.838 INFO  (qtp1663888181-25-null-207) [c: s: r: x:mycore t:null-207] o.a.s.u.p.LogUpdateProcessorFactory webapp=/solr path=/update params={wt=json}{add=[S18_3140 (1835044388562010112)]} 0 2
2025-06-16 00:45:02.845 INFO  (qtp1663888181-18-null-208) [c: s: r: x:mycore t:null-208] o.a.s.u.p.LogUpdateProcessorFactory webapp=/solr path=/update params={wt=json}{add=[S18_3232 (1835044388569350144)]} 0 1
2025-06-16 00:45:02.851 INFO  (qtp1663888181-21-null-209) [c: s: r: x:mycore t:null-209] o.a.s.u.p.LogUpdateProcessorFactory webapp=/solr path=/update params={wt=json}{add=[S18_3233 (1835044388575641600)]} 0 2
2025-06-16 00:45:02.860 INFO  (qtp1663888181-50-null-210) [c: s: r: x:mycore t:null-210] o.a.s.u.p.LogUpdateProcessorFactory webapp=/solr path=/update params={wt=json}{add=[S18_3259 (1835044388585078784)]} 0 2
2025-06-16 00:45:02.867 INFO  (qtp1663888181-48-null-211) [c: s: r: x:mycore t:null-211] o.a.s.u.p.LogUpdateProcessorFactory webapp=/solr path=/update params={wt=json}{add=[S18_3278 (1835044388592418816)]} 0 1
2025-06-16 00:45:02.875 INFO  (qtp1663888181-23-null-212) [c: s: r: x:mycore t:null-212] o.a.s.u.p.LogUpdateProcessorFactory webapp=/solr path=/update params={wt=json}{add=[S18_3320 (1835044388600807424)]} 0 2
2025-06-16 00:45:02.883 INFO  (qtp1663888181-25-null-213) [c: s: r: x:mycore t:null-213] o.a.s.u.p.LogUpdateProcessorFactory webapp=/solr path=/update params={wt=json}{add=[S18_3482 (1835044388609196032)]} 0 1
2025-06-16 00:45:02.892 INFO  (qtp1663888181-18-null-214) [c: s: r: x:mycore t:null-214] o.a.s.u.p.LogUpdateProcessorFactory webapp=/solr path=/update params={wt=json}{add=[S18_3685 (1835044388617584640)]} 0 2
2025-06-16 00:45:02.899 INFO  (qtp1663888181-21-null-215) [c: s: r: x:mycore t:null-215] o.a.s.u.p.LogUpdateProcessorFactory webapp=/solr path=/update params={wt=json}{add=[S18_3782 (1835044388625973248)]} 0 1
2025-06-16 00:45:02.907 INFO  (qtp1663888181-49-null-216) [c: s: r: x:mycore t:null-216] o.a.s.u.p.LogUpdateProcessorFactory webapp=/solr path=/update params={wt=json}{add=[S18_3856 (1835044388634361856)]} 0 2
2025-06-16 00:45:02.917 INFO  (qtp1663888181-48-null-217) [c: s: r: x:mycore t:null-217] o.a.s.u.p.LogUpdateProcessorFactory webapp=/solr path=/update params={wt=json}{add=[S18_4027 (1835044388644847616)]} 0 2
2025-06-16 00:45:02.924 INFO  (qtp1663888181-23-null-218) [c: s: r: x:mycore t:null-218] o.a.s.u.p.LogUpdateProcessorFactory webapp=/solr path=/update params={wt=json}{add=[S18_4409 (1835044388652187648)]} 0 1
2025-06-16 00:45:02.934 INFO  (qtp1663888181-25-null-219) [c: s: r: x:mycore t:null-219] o.a.s.u.p.LogUpdateProcessorFactory webapp=/solr path=/update params={wt=json}{add=[S18_4522 (1835044388660576256)]} 0 4
2025-06-16 00:45:02.941 INFO  (qtp1663888181-18-null-220) [c: s: r: x:mycore t:null-220] o.a.s.u.p.LogUpdateProcessorFactory webapp=/solr path=/update params={wt=json}{add=[S18_4600 (1835044388670013440)]} 0 2
2025-06-16 00:45:02.949 INFO  (qtp1663888181-21-null-221) [c: s: r: x:mycore t:null-221] o.a.s.u.p.LogUpdateProcessorFactory webapp=/solr path=/update params={wt=json}{add=[S18_4668 (1835044388677353472)]} 0 2
2025-06-16 00:45:02.959 INFO  (qtp1663888181-49-null-222) [c: s: r: x:mycore t:null-222] o.a.s.u.p.LogUpdateProcessorFactory webapp=/solr path=/update params={wt=json}{add=[S18_4721 (1835044388688887808)]} 0 2
2025-06-16 00:45:02.966 INFO  (qtp1663888181-48-null-223) [c: s: r: x:mycore t:null-223] o.a.s.u.p.LogUpdateProcessorFactory webapp=/solr path=/update params={wt=json}{add=[S18_4933 (1835044388696227840)]} 0 1
2025-06-16 00:45:02.976 INFO  (qtp1663888181-23-null-224) [c: s: r: x:mycore t:null-224] o.a.s.u.p.LogUpdateProcessorFactory webapp=/solr path=/update params={wt=json}{add=[S24_1046 (1835044388705665024)]} 0 2
2025-06-16 00:45:02.985 INFO  (qtp1663888181-25-null-225) [c: s: r: x:mycore t:null-225] o.a.s.u.p.LogUpdateProcessorFactory webapp=/solr path=/update params={wt=json}{add=[S24_1444 (1835044388715102208)]} 0 3
2025-06-16 00:45:02.992 INFO  (qtp1663888181-18-null-226) [c: s: r: x:mycore t:null-226] o.a.s.u.p.LogUpdateProcessorFactory webapp=/solr path=/update params={wt=json}{add=[S24_1578 (1835044388723490816)]} 0 1
2025-06-16 00:45:03.001 INFO  (qtp1663888181-21-null-227) [c: s: r: x:mycore t:null-227] o.a.s.u.p.LogUpdateProcessorFactory webapp=/solr path=/update params={wt=json}{add=[S24_1628 (1835044388732928000)]} 0 1
2025-06-16 00:45:03.010 INFO  (qtp1663888181-49-null-228) [c: s: r: x:mycore t:null-228] o.a.s.u.p.LogUpdateProcessorFactory webapp=/solr path=/update params={wt=json}{add=[S24_1785 (1835044388740268032)]} 0 2
2025-06-16 00:45:03.017 INFO  (qtp1663888181-48-null-229) [c: s: r: x:mycore t:null-229] o.a.s.u.p.LogUpdateProcessorFactory webapp=/solr path=/update params={wt=json}{add=[S24_1937 (1835044388749705216)]} 0 1
2025-06-16 00:45:03.026 INFO  (qtp1663888181-23-null-230) [c: s: r: x:mycore t:null-230] o.a.s.u.p.LogUpdateProcessorFactory webapp=/solr path=/update params={wt=json}{add=[S24_2000 (1835044388758093824)]} 0 2
2025-06-16 00:45:03.033 INFO  (qtp1663888181-25-null-231) [c: s: r: x:mycore t:null-231] o.a.s.u.p.LogUpdateProcessorFactory webapp=/solr path=/update params={wt=json}{add=[S24_2011 (1835044388765433856)]} 0 2
2025-06-16 00:45:03.039 INFO  (qtp1663888181-18-null-232) [c: s: r: x:mycore t:null-232] o.a.s.u.p.LogUpdateProcessorFactory webapp=/solr path=/update params={wt=json}{add=[S24_2022 (1835044388772773888)]} 0 1
2025-06-16 00:45:03.049 INFO  (qtp1663888181-21-null-233) [c: s: r: x:mycore t:null-233] o.a.s.u.p.LogUpdateProcessorFactory webapp=/solr path=/update params={wt=json}{add=[S24_2300 (1835044388783259648)]} 0 2
2025-06-16 00:45:03.056 INFO  (qtp1663888181-50-null-234) [c: s: r: x:mycore t:null-234] o.a.s.u.p.LogUpdateProcessorFactory webapp=/solr path=/update params={wt=json}{add=[S24_2360 (1835044388790599680)]} 0 1
2025-06-16 00:45:03.063 INFO  (qtp1663888181-48-null-235) [c: s: r: x:mycore t:null-235] o.a.s.u.p.LogUpdateProcessorFactory webapp=/solr path=/update params={wt=json}{add=[S24_2766 (1835044388796891136)]} 0 2
2025-06-16 00:45:03.072 INFO  (qtp1663888181-23-null-236) [c: s: r: x:mycore t:null-236] o.a.s.u.p.LogUpdateProcessorFactory webapp=/solr path=/update params={wt=json}{add=[S24_2840 (1835044388807376896)]} 0 1
2025-06-16 00:45:03.079 INFO  (qtp1663888181-25-null-237) [c: s: r: x:mycore t:null-237] o.a.s.u.p.LogUpdateProcessorFactory webapp=/solr path=/update params={wt=json}{add=[S24_2841 (1835044388814716928)]} 0 2
2025-06-16 00:45:03.087 INFO  (qtp1663888181-18-null-238) [c: s: r: x:mycore t:null-238] o.a.s.u.p.LogUpdateProcessorFactory webapp=/solr path=/update params={wt=json}{add=[S24_2887 (1835044388823105536)]} 0 1
2025-06-16 00:45:03.094 INFO  (qtp1663888181-21-null-239) [c: s: r: x:mycore t:null-239] o.a.s.u.p.LogUpdateProcessorFactory webapp=/solr path=/update params={wt=json}{add=[S24_2972 (1835044388829396992)]} 0 1
2025-06-16 00:45:03.102 INFO  (qtp1663888181-50-null-240) [c: s: r: x:mycore t:null-240] o.a.s.u.p.LogUpdateProcessorFactory webapp=/solr path=/update params={wt=json}{add=[S24_3151 (1835044388838834176)]} 0 2
2025-06-16 00:45:03.109 INFO  (qtp1663888181-48-null-241) [c: s: r: x:mycore t:null-241] o.a.s.u.p.LogUpdateProcessorFactory webapp=/solr path=/update params={wt=json}{add=[S24_3191 (1835044388845125632)]} 0 1
2025-06-16 00:45:03.115 INFO  (qtp1663888181-23-null-242) [c: s: r: x:mycore t:null-242] o.a.s.u.p.LogUpdateProcessorFactory webapp=/solr path=/update params={wt=json}{add=[S24_3371 (1835044388852465664)]} 0 1
2025-06-16 00:45:03.123 INFO  (qtp1663888181-25-null-243) [c: s: r: x:mycore t:null-243] o.a.s.u.p.LogUpdateProcessorFactory webapp=/solr path=/update params={wt=json}{add=[S24_3420 (1835044388859805696)]} 0 3
2025-06-16 00:45:03.130 INFO  (qtp1663888181-18-null-244) [c: s: r: x:mycore t:null-244] o.a.s.u.p.LogUpdateProcessorFactory webapp=/solr path=/update params={wt=json}{add=[S24_3432 (1835044388868194304)]} 0 1
2025-06-16 00:45:03.137 INFO  (qtp1663888181-21-null-245) [c: s: r: x:mycore t:null-245] o.a.s.u.p.LogUpdateProcessorFactory webapp=/solr path=/update params={wt=json}{add=[S24_3816 (1835044388875534336)]} 0 2
2025-06-16 00:45:03.147 INFO  (qtp1663888181-50-null-246) [c: s: r: x:mycore t:null-246] o.a.s.u.p.LogUpdateProcessorFactory webapp=/solr path=/update params={wt=json}{add=[S24_3856 (1835044388886020096)]} 0 2
2025-06-16 00:45:03.155 INFO  (qtp1663888181-48-null-247) [c: s: r: x:mycore t:null-247] o.a.s.u.p.LogUpdateProcessorFactory webapp=/solr path=/update params={wt=json}{add=[S24_3949 (1835044388893360128)]} 0 2
2025-06-16 00:45:03.163 INFO  (qtp1663888181-23-null-248) [c: s: r: x:mycore t:null-248] o.a.s.u.p.LogUpdateProcessorFactory webapp=/solr path=/update params={wt=json}{add=[S24_3969 (1835044388901748736)]} 0 2
2025-06-16 00:45:03.173 INFO  (qtp1663888181-25-null-249) [c: s: r: x:mycore t:null-249] o.a.s.u.p.LogUpdateProcessorFactory webapp=/solr path=/update params={wt=json}{add=[S24_4048 (1835044388913283072)]} 0 1
2025-06-16 00:45:03.180 INFO  (qtp1663888181-18-null-250) [c: s: r: x:mycore t:null-250] o.a.s.u.p.LogUpdateProcessorFactory webapp=/solr path=/update params={wt=json}{add=[S24_4258 (1835044388920623104)]} 0 2
2025-06-16 00:45:03.190 INFO  (qtp1663888181-49-null-251) [c: s: r: x:mycore t:null-251] o.a.s.u.p.LogUpdateProcessorFactory webapp=/solr path=/update params={wt=json}{add=[S24_4278 (1835044388930060288)]} 0 2
2025-06-16 00:45:03.197 INFO  (qtp1663888181-50-null-252) [c: s: r: x:mycore t:null-252] o.a.s.u.p.LogUpdateProcessorFactory webapp=/solr path=/update params={wt=json}{add=[S24_4620 (1835044388938448896)]} 0 1
2025-06-16 00:45:03.206 INFO  (qtp1663888181-48-null-253) [c: s: r: x:mycore t:null-253] o.a.s.u.p.LogUpdateProcessorFactory webapp=/solr path=/update params={wt=json}{add=[S32_1268 (1835044388945788928)]} 0 3
2025-06-16 00:45:03.214 INFO  (qtp1663888181-23-null-254) [c: s: r: x:mycore t:null-254] o.a.s.u.p.LogUpdateProcessorFactory webapp=/solr path=/update params={wt=json}{add=[S32_1374 (1835044388956274688)]} 0 2
2025-06-16 00:45:03.222 INFO  (qtp1663888181-25-null-255) [c: s: r: x:mycore t:null-255] o.a.s.u.p.LogUpdateProcessorFactory webapp=/solr path=/update params={wt=json}{add=[S32_2206 (1835044388964663296)]} 0 2
2025-06-16 00:45:03.229 INFO  (qtp1663888181-18-null-256) [c: s: r: x:mycore t:null-256] o.a.s.u.p.LogUpdateProcessorFactory webapp=/solr path=/update params={wt=json}{add=[S32_2509 (1835044388972003328)]} 0 2
2025-06-16 00:45:03.236 INFO  (qtp1663888181-49-null-257) [c: s: r: x:mycore t:null-257] o.a.s.u.p.LogUpdateProcessorFactory webapp=/solr path=/update params={wt=json}{add=[S32_3207 (1835044388979343360)]} 0 1
2025-06-16 00:45:03.245 INFO  (qtp1663888181-50-null-258) [c: s: r: x:mycore t:null-258] o.a.s.u.p.LogUpdateProcessorFactory webapp=/solr path=/update params={wt=json}{add=[S32_3522 (1835044388987731968)]} 0 2
2025-06-16 00:45:03.251 INFO  (qtp1663888181-48-null-259) [c: s: r: x:mycore t:null-259] o.a.s.u.p.LogUpdateProcessorFactory webapp=/solr path=/update params={wt=json}{add=[S32_4289 (1835044388995072000)]} 0 1
2025-06-16 00:45:03.259 INFO  (qtp1663888181-23-null-260) [c: s: r: x:mycore t:null-260] o.a.s.u.p.LogUpdateProcessorFactory webapp=/solr path=/update params={wt=json}{add=[S32_4485 (1835044389002412032)]} 0 2
2025-06-16 00:45:03.267 INFO  (qtp1663888181-25-null-261) [c: s: r: x:mycore t:null-261] o.a.s.u.p.LogUpdateProcessorFactory webapp=/solr path=/update params={wt=json}{add=[S50_1341 (1835044389011849216)]} 0 1
2025-06-16 00:45:03.273 INFO  (qtp1663888181-18-null-262) [c: s: r: x:mycore t:null-262] o.a.s.u.p.LogUpdateProcessorFactory webapp=/solr path=/update params={wt=json}{add=[S50_1392 (1835044389018140672)]} 0 1
2025-06-16 00:45:03.279 INFO  (qtp1663888181-49-null-263) [c: s: r: x:mycore t:null-263] o.a.s.u.p.LogUpdateProcessorFactory webapp=/solr path=/update params={wt=json}{add=[S50_1514 (1835044389024432128)]} 0 1
2025-06-16 00:45:03.288 INFO  (qtp1663888181-50-null-264) [c: s: r: x:mycore t:null-264] o.a.s.u.p.LogUpdateProcessorFactory webapp=/solr path=/update params={wt=json}{add=[S50_4713 (1835044389033869312)]} 0 2
2025-06-16 00:45:03.295 INFO  (qtp1663888181-48-null-265) [c: s: r: x:mycore t:null-265] o.a.s.u.p.LogUpdateProcessorFactory webapp=/solr path=/update params={wt=json}{add=[S700_1138 (1835044389041209344)]} 0 2
2025-06-16 00:45:03.303 INFO  (qtp1663888181-23-null-266) [c: s: r: x:mycore t:null-266] o.a.s.u.p.LogUpdateProcessorFactory webapp=/solr path=/update params={wt=json}{add=[S700_1691 (1835044389049597952)]} 0 2
2025-06-16 00:45:03.312 INFO  (qtp1663888181-25-null-267) [c: s: r: x:mycore t:null-267] o.a.s.u.p.LogUpdateProcessorFactory webapp=/solr path=/update params={wt=json}{add=[S700_1938 (1835044389059035136)]} 0 1
2025-06-16 00:45:03.319 INFO  (qtp1663888181-18-null-268) [c: s: r: x:mycore t:null-268] o.a.s.u.p.LogUpdateProcessorFactory webapp=/solr path=/update params={wt=json}{add=[S700_2047 (1835044389066375168)]} 0 1
2025-06-16 00:45:03.327 INFO  (qtp1663888181-49-null-269) [c: s: r: x:mycore t:null-269] o.a.s.u.p.LogUpdateProcessorFactory webapp=/solr path=/update params={wt=json}{add=[S700_2466 (1835044389074763776)]} 0 2
2025-06-16 00:45:03.334 INFO  (qtp1663888181-50-null-270) [c: s: r: x:mycore t:null-270] o.a.s.u.p.LogUpdateProcessorFactory webapp=/solr path=/update params={wt=json}{add=[S700_2610 (1835044389081055232)]} 0 1
2025-06-16 00:45:03.342 INFO  (qtp1663888181-48-null-271) [c: s: r: x:mycore t:null-271] o.a.s.u.p.LogUpdateProcessorFactory webapp=/solr path=/update params={wt=json}{add=[S700_2824 (1835044389089443840)]} 0 2
2025-06-16 00:45:03.348 INFO  (qtp1663888181-23-null-272) [c: s: r: x:mycore t:null-272] o.a.s.u.p.LogUpdateProcessorFactory webapp=/solr path=/update params={wt=json}{add=[S700_2834 (1835044389096783872)]} 0 1
2025-06-16 00:45:03.354 INFO  (qtp1663888181-25-null-273) [c: s: r: x:mycore t:null-273] o.a.s.u.p.LogUpdateProcessorFactory webapp=/solr path=/update params={wt=json}{add=[S700_3167 (1835044389103075328)]} 0 1
2025-06-16 00:45:03.363 INFO  (qtp1663888181-18-null-274) [c: s: r: x:mycore t:null-274] o.a.s.u.p.LogUpdateProcessorFactory webapp=/solr path=/update params={wt=json}{add=[S700_3505 (1835044389111463936)]} 0 2
2025-06-16 00:45:03.369 INFO  (qtp1663888181-49-null-275) [c: s: r: x:mycore t:null-275] o.a.s.u.p.LogUpdateProcessorFactory webapp=/solr path=/update params={wt=json}{add=[S700_3962 (1835044389118803968)]} 0 1
2025-06-16 00:45:03.375 INFO  (qtp1663888181-50-null-276) [c: s: r: x:mycore t:null-276] o.a.s.u.p.LogUpdateProcessorFactory webapp=/solr path=/update params={wt=json}{add=[S700_4002 (1835044389125095424)]} 0 1
2025-06-16 00:45:03.384 INFO  (qtp1663888181-21-null-277) [c: s: r: x:mycore t:null-277] o.a.s.u.p.LogUpdateProcessorFactory webapp=/solr path=/update params={wt=json}{add=[S72_1253 (1835044389134532608)]} 0 2
2025-06-16 00:45:03.390 INFO  (qtp1663888181-23-null-278) [c: s: r: x:mycore t:null-278] o.a.s.u.p.LogUpdateProcessorFactory webapp=/solr path=/update params={wt=json}{add=[S72_3212 (1835044389140824064)]} 0 1
2025-06-16 00:45:03.704 INFO  (searcherExecutor-15-thread-3-processing-mycore null-279) [c: s: r: x:mycore t:null-279] o.a.s.c.QuerySenderListener QuerySenderListener done.
2025-06-16 00:45:03.734 INFO  (searcherExecutor-15-thread-3-processing-mycore null-279) [c: s: r: x:mycore t:null-279] o.a.s.c.SolrCore Registered new searcher autowarm time: 1 ms
2025-06-16 00:45:03.735 INFO  (qtp1663888181-25-null-279) [c: s: r: x:mycore t:null-279] o.a.s.u.p.LogUpdateProcessorFactory webapp=/solr path=/update params={wt=json}{commit=} 0 340
2025-06-16 00:45:10.347 INFO  (qtp1663888181-18-null-280) [c: s: r: x: t:null-280] o.a.s.s.HttpSolrCall [admin] webapp=null path=/admin/cores params={indexInfo=false&wt=json&_=1750032708100} status=0 QTime=1
2025-06-16 00:45:10.367 INFO  (qtp1663888181-50-null-282) [c: s: r: x:mycore t:null-282] o.a.s.c.S.Request webapp=/solr path=/config/params params={wt=json&_=1750032708136} status=0 QTime=1
2025-06-16 00:45:10.381 INFO  (qtp1663888181-21-null-283) [c: s: r: x:mycore t:null-283] o.a.s.c.S.Request webapp=/solr path=/select params={q=*:*&indent=true&q.op=OR&useParams=&_=1750032708136} hits=110 status=0 QTime=2
2025-06-16 00:45:10.397 INFO  (qtp1663888181-49-null-281) [c: s: r: x: t:null-281] o.a.s.s.HttpSolrCall [admin] webapp=null path=/admin/info/system params={wt=json&_=1750032708101} status=0 QTime=41
2025-06-16 00:45:39.269 INFO  (qtp1663888181-23-null-284) [c: s: r: x:mycore t:null-284] o.a.s.u.p.LogUpdateProcessorFactory webapp=/solr path=/update params={wt=json}{add=[S10_1678 (1835044426743808000)]} 0 20
2025-06-16 00:45:39.275 INFO  (qtp1663888181-25-null-285) [c: s: r: x:mycore t:null-285] o.a.s.u.p.LogUpdateProcessorFactory webapp=/solr path=/update params={wt=json}{add=[S10_1949 (1835044426768973824)]} 0 2
2025-06-16 00:45:39.283 INFO  (qtp1663888181-48-null-286) [c: s: r: x:mycore t:null-286] o.a.s.u.p.LogUpdateProcessorFactory webapp=/solr path=/update params={wt=json}{add=[S10_2016 (1835044426777362432)]} 0 2
2025-06-16 00:45:39.291 INFO  (qtp1663888181-18-null-287) [c: s: r: x:mycore t:null-287] o.a.s.u.p.LogUpdateProcessorFactory webapp=/solr path=/update params={wt=json}{add=[S10_4698 (1835044426785751040)]} 0 2
2025-06-16 00:45:39.298 INFO  (qtp1663888181-26-null-288) [c: s: r: x:mycore t:null-288] o.a.s.u.p.LogUpdateProcessorFactory webapp=/solr path=/update params={wt=json}{add=[S10_4757 (1835044426793091072)]} 0 2
2025-06-16 00:45:39.305 INFO  (qtp1663888181-50-null-289) [c: s: r: x:mycore t:null-289] o.a.s.u.p.LogUpdateProcessorFactory webapp=/solr path=/update params={wt=json}{add=[S10_4962 (1835044426799382528)]} 0 2
2025-06-16 00:45:39.312 INFO  (qtp1663888181-23-null-290) [c: s: r: x:mycore t:null-290] o.a.s.u.p.LogUpdateProcessorFactory webapp=/solr path=/update params={wt=json}{add=[S12_1099 (1835044426807771136)]} 0 2
2025-06-16 00:45:39.321 INFO  (qtp1663888181-25-null-291) [c: s: r: x:mycore t:null-291] o.a.s.u.p.LogUpdateProcessorFactory webapp=/solr path=/update params={wt=json}{add=[S12_1108 (1835044426816159744)]} 0 2
2025-06-16 00:45:39.328 INFO  (qtp1663888181-48-null-292) [c: s: r: x:mycore t:null-292] o.a.s.u.p.LogUpdateProcessorFactory webapp=/solr path=/update params={wt=json}{add=[S12_1666 (1835044426823499776)]} 0 2
2025-06-16 00:45:39.334 INFO  (qtp1663888181-18-null-293) [c: s: r: x:mycore t:null-293] o.a.s.u.p.LogUpdateProcessorFactory webapp=/solr path=/update params={wt=json}{add=[S12_2823 (1835044426830839808)]} 0 2
2025-06-16 00:45:39.341 INFO  (qtp1663888181-26-null-294) [c: s: r: x:mycore t:null-294] o.a.s.u.p.LogUpdateProcessorFactory webapp=/solr path=/update params={wt=json}{add=[S12_3148 (1835044426838179840)]} 0 2
2025-06-16 00:45:39.350 INFO  (qtp1663888181-50-null-295) [c: s: r: x:mycore t:null-295] o.a.s.u.p.LogUpdateProcessorFactory webapp=/solr path=/update params={wt=json}{add=[S12_3380 (1835044426846568448)]} 0 3
2025-06-16 00:45:39.357 INFO  (qtp1663888181-23-null-296) [c: s: r: x:mycore t:null-296] o.a.s.u.p.LogUpdateProcessorFactory webapp=/solr path=/update params={wt=json}{add=[S12_3891 (1835044426854957056)]} 0 2
2025-06-16 00:45:39.364 INFO  (qtp1663888181-25-null-297) [c: s: r: x:mycore t:null-297] o.a.s.u.p.LogUpdateProcessorFactory webapp=/solr path=/update params={wt=json}{add=[S12_3990 (1835044426862297088)]} 0 2
2025-06-16 00:45:39.371 INFO  (qtp1663888181-48-null-298) [c: s: r: x:mycore t:null-298] o.a.s.u.p.LogUpdateProcessorFactory webapp=/solr path=/update params={wt=json}{add=[S12_4473 (1835044426868588544)]} 0 2
2025-06-16 00:45:39.379 INFO  (qtp1663888181-18-null-299) [c: s: r: x:mycore t:null-299] o.a.s.u.p.LogUpdateProcessorFactory webapp=/solr path=/update params={wt=json}{add=[S12_4675 (1835044426876977152)]} 0 3
2025-06-16 00:45:39.387 INFO  (qtp1663888181-26-null-300) [c: s: r: x:mycore t:null-300] o.a.s.u.p.LogUpdateProcessorFactory webapp=/solr path=/update params={wt=json}{add=[S18_1097 (1835044426885365760)]} 0 2
2025-06-16 00:45:39.393 INFO  (qtp1663888181-50-null-301) [c: s: r: x:mycore t:null-301] o.a.s.u.p.LogUpdateProcessorFactory webapp=/solr path=/update params={wt=json}{add=[S18_1129 (1835044426892705792)]} 0 2
2025-06-16 00:45:39.400 INFO  (qtp1663888181-23-null-302) [c: s: r: x:mycore t:null-302] o.a.s.u.p.LogUpdateProcessorFactory webapp=/solr path=/update params={wt=json}{add=[S18_1342 (1835044426898997248)]} 0 2
2025-06-16 00:45:39.407 INFO  (qtp1663888181-25-null-303) [c: s: r: x:mycore t:null-303] o.a.s.u.p.LogUpdateProcessorFactory webapp=/solr path=/update params={wt=json}{add=[S18_1367 (1835044426906337280)]} 0 3
2025-06-16 00:45:39.413 INFO  (qtp1663888181-48-null-304) [c: s: r: x:mycore t:null-304] o.a.s.u.p.LogUpdateProcessorFactory webapp=/solr path=/update params={wt=json}{add=[S18_1589 (1835044426913677312)]} 0 1
2025-06-16 00:45:39.422 INFO  (qtp1663888181-18-null-305) [c: s: r: x:mycore t:null-305] o.a.s.u.p.LogUpdateProcessorFactory webapp=/solr path=/update params={wt=json}{add=[S18_1662 (1835044426922065920)]} 0 2
2025-06-16 00:45:39.428 INFO  (qtp1663888181-26-null-306) [c: s: r: x:mycore t:null-306] o.a.s.u.p.LogUpdateProcessorFactory webapp=/solr path=/update params={wt=json}{add=[S18_1749 (1835044426929405952)]} 0 2
2025-06-16 00:45:39.435 INFO  (qtp1663888181-50-null-307) [c: s: r: x:mycore t:null-307] o.a.s.u.p.LogUpdateProcessorFactory webapp=/solr path=/update params={wt=json}{add=[S18_1889 (1835044426936745984)]} 0 1
2025-06-16 00:45:39.445 INFO  (qtp1663888181-23-null-308) [c: s: r: x:mycore t:null-308] o.a.s.u.p.LogUpdateProcessorFactory webapp=/solr path=/update params={wt=json}{add=[S18_1984 (1835044426947231744)]} 0 2
2025-06-16 00:45:39.452 INFO  (qtp1663888181-25-null-309) [c: s: r: x:mycore t:null-309] o.a.s.u.p.LogUpdateProcessorFactory webapp=/solr path=/update params={wt=json}{add=[S18_2238 (1835044426954571776)]} 0 2
2025-06-16 00:45:39.461 INFO  (qtp1663888181-48-null-310) [c: s: r: x:mycore t:null-310] o.a.s.u.p.LogUpdateProcessorFactory webapp=/solr path=/update params={wt=json}{add=[S18_2248 (1835044426962960384)]} 0 2
2025-06-16 00:45:39.468 INFO  (qtp1663888181-18-null-311) [c: s: r: x:mycore t:null-311] o.a.s.u.p.LogUpdateProcessorFactory webapp=/solr path=/update params={wt=json}{add=[S18_2319 (1835044426971348992)]} 0 2
2025-06-16 00:45:39.475 INFO  (qtp1663888181-26-null-312) [c: s: r: x:mycore t:null-312] o.a.s.u.p.LogUpdateProcessorFactory webapp=/solr path=/update params={wt=json}{add=[S18_2325 (1835044426978689024)]} 0 2
2025-06-16 00:45:39.483 INFO  (qtp1663888181-50-null-313) [c: s: r: x:mycore t:null-313] o.a.s.u.p.LogUpdateProcessorFactory webapp=/solr path=/update params={wt=json}{add=[S18_2432 (1835044426986029056)]} 0 2
2025-06-16 00:45:39.492 INFO  (qtp1663888181-23-null-314) [c: s: r: x:mycore t:null-314] o.a.s.u.p.LogUpdateProcessorFactory webapp=/solr path=/update params={wt=json}{add=[S18_2581 (1835044426995466240)]} 0 3
2025-06-16 00:45:39.499 INFO  (qtp1663888181-25-null-315) [c: s: r: x:mycore t:null-315] o.a.s.u.p.LogUpdateProcessorFactory webapp=/solr path=/update params={wt=json}{add=[S18_2625 (1835044427003854848)]} 0 2
2025-06-16 00:45:39.507 INFO  (qtp1663888181-48-null-316) [c: s: r: x:mycore t:null-316] o.a.s.u.p.LogUpdateProcessorFactory webapp=/solr path=/update params={wt=json}{add=[S18_2795 (1835044427011194880)]} 0 2
2025-06-16 00:45:39.515 INFO  (qtp1663888181-18-null-317) [c: s: r: x:mycore t:null-317] o.a.s.u.p.LogUpdateProcessorFactory webapp=/solr path=/update params={wt=json}{add=[S18_2870 (1835044427019583488)]} 0 4
2025-06-16 00:45:39.523 INFO  (qtp1663888181-26-null-318) [c: s: r: x:mycore t:null-318] o.a.s.u.p.LogUpdateProcessorFactory webapp=/solr path=/update params={wt=json}{add=[S18_2949 (1835044427027972096)]} 0 2
2025-06-16 00:45:39.534 INFO  (qtp1663888181-50-null-319) [c: s: r: x:mycore t:null-319] o.a.s.u.p.LogUpdateProcessorFactory webapp=/solr path=/update params={wt=json}{add=[S18_2957 (1835044427039506432)]} 0 4
2025-06-16 00:45:39.543 INFO  (qtp1663888181-23-null-320) [c: s: r: x:mycore t:null-320] o.a.s.u.p.LogUpdateProcessorFactory webapp=/solr path=/update params={wt=json}{add=[S18_3029 (1835044427049992192)]} 0 2
2025-06-16 00:45:39.550 INFO  (qtp1663888181-25-null-321) [c: s: r: x:mycore t:null-321] o.a.s.u.p.LogUpdateProcessorFactory webapp=/solr path=/update params={wt=json}{add=[S18_3136 (1835044427056283648)]} 0 2
2025-06-16 00:45:39.557 INFO  (qtp1663888181-48-null-322) [c: s: r: x:mycore t:null-322] o.a.s.u.p.LogUpdateProcessorFactory webapp=/solr path=/update params={wt=json}{add=[S18_3140 (1835044427064672256)]} 0 2
2025-06-16 00:45:39.565 INFO  (qtp1663888181-18-null-323) [c: s: r: x:mycore t:null-323] o.a.s.u.p.LogUpdateProcessorFactory webapp=/solr path=/update params={wt=json}{add=[S18_3232 (1835044427072012288)]} 0 3
2025-06-16 00:45:39.573 INFO  (qtp1663888181-26-null-324) [c: s: r: x:mycore t:null-324] o.a.s.u.p.LogUpdateProcessorFactory webapp=/solr path=/update params={wt=json}{add=[S18_3233 (1835044427081449472)]} 0 2
2025-06-16 00:45:39.580 INFO  (qtp1663888181-50-null-325) [c: s: r: x:mycore t:null-325] o.a.s.u.p.LogUpdateProcessorFactory webapp=/solr path=/update params={wt=json}{add=[S18_3259 (1835044427088789504)]} 0 1
2025-06-16 00:45:39.587 INFO  (qtp1663888181-23-null-326) [c: s: r: x:mycore t:null-326] o.a.s.u.p.LogUpdateProcessorFactory webapp=/solr path=/update params={wt=json}{add=[S18_3278 (1835044427096129536)]} 0 2
2025-06-16 00:45:39.595 INFO  (qtp1663888181-25-null-327) [c: s: r: x:mycore t:null-327] o.a.s.u.p.LogUpdateProcessorFactory webapp=/solr path=/update params={wt=json}{add=[S18_3320 (1835044427104518144)]} 0 3
2025-06-16 00:45:39.603 INFO  (qtp1663888181-48-null-328) [c: s: r: x:mycore t:null-328] o.a.s.u.p.LogUpdateProcessorFactory webapp=/solr path=/update params={wt=json}{add=[S18_3482 (1835044427111858176)]} 0 2
2025-06-16 00:45:39.610 INFO  (qtp1663888181-18-null-329) [c: s: r: x:mycore t:null-329] o.a.s.u.p.LogUpdateProcessorFactory webapp=/solr path=/update params={wt=json}{add=[S18_3685 (1835044427119198208)]} 0 2
2025-06-16 00:45:39.616 INFO  (qtp1663888181-26-null-330) [c: s: r: x:mycore t:null-330] o.a.s.u.p.LogUpdateProcessorFactory webapp=/solr path=/update params={wt=json}{add=[S18_3782 (1835044427126538240)]} 0 1
2025-06-16 00:45:39.624 INFO  (qtp1663888181-50-null-331) [c: s: r: x:mycore t:null-331] o.a.s.u.p.LogUpdateProcessorFactory webapp=/solr path=/update params={wt=json}{add=[S18_3856 (1835044427133878272)]} 0 2
2025-06-16 00:45:39.631 INFO  (qtp1663888181-23-null-332) [c: s: r: x:mycore t:null-332] o.a.s.u.p.LogUpdateProcessorFactory webapp=/solr path=/update params={wt=json}{add=[S18_4027 (1835044427142266880)]} 0 2
2025-06-16 00:45:39.641 INFO  (qtp1663888181-25-null-333) [c: s: r: x:mycore t:null-333] o.a.s.u.p.LogUpdateProcessorFactory webapp=/solr path=/update params={wt=json}{add=[S18_4409 (1835044427151704064)]} 0 2
2025-06-16 00:45:39.648 INFO  (qtp1663888181-48-null-334) [c: s: r: x:mycore t:null-334] o.a.s.u.p.LogUpdateProcessorFactory webapp=/solr path=/update params={wt=json}{add=[S18_4522 (1835044427159044096)]} 0 2
2025-06-16 00:45:39.656 INFO  (qtp1663888181-18-null-335) [c: s: r: x:mycore t:null-335] o.a.s.u.p.LogUpdateProcessorFactory webapp=/solr path=/update params={wt=json}{add=[S18_4600 (1835044427167432704)]} 0 2
2025-06-16 00:45:39.665 INFO  (qtp1663888181-26-null-336) [c: s: r: x:mycore t:null-336] o.a.s.u.p.LogUpdateProcessorFactory webapp=/solr path=/update params={wt=json}{add=[S18_4668 (1835044427175821312)]} 0 3
2025-06-16 00:45:39.672 INFO  (qtp1663888181-50-null-337) [c: s: r: x:mycore t:null-337] o.a.s.u.p.LogUpdateProcessorFactory webapp=/solr path=/update params={wt=json}{add=[S18_4721 (1835044427185258496)]} 0 2
2025-06-16 00:45:39.681 INFO  (qtp1663888181-23-null-338) [c: s: r: x:mycore t:null-338] o.a.s.u.p.LogUpdateProcessorFactory webapp=/solr path=/update params={wt=json}{add=[S18_4933 (1835044427192598528)]} 0 3
2025-06-16 00:45:39.688 INFO  (qtp1663888181-25-null-339) [c: s: r: x:mycore t:null-339] o.a.s.u.p.LogUpdateProcessorFactory webapp=/solr path=/update params={wt=json}{add=[S24_1046 (1835044427200987136)]} 0 2
2025-06-16 00:45:39.696 INFO  (qtp1663888181-48-null-340) [c: s: r: x:mycore t:null-340] o.a.s.u.p.LogUpdateProcessorFactory webapp=/solr path=/update params={wt=json}{add=[S24_1444 (1835044427210424320)]} 0 2
2025-06-16 00:45:39.703 INFO  (qtp1663888181-18-null-341) [c: s: r: x:mycore t:null-341] o.a.s.u.p.LogUpdateProcessorFactory webapp=/solr path=/update params={wt=json}{add=[S24_1578 (1835044427217764352)]} 0 2
2025-06-16 00:45:39.714 INFO  (qtp1663888181-26-null-342) [c: s: r: x:mycore t:null-342] o.a.s.u.p.LogUpdateProcessorFactory webapp=/solr path=/update params={wt=json}{add=[S24_1628 (1835044427225104384)]} 0 4
2025-06-16 00:45:39.725 INFO  (qtp1663888181-50-null-343) [c: s: r: x:mycore t:null-343] o.a.s.u.p.LogUpdateProcessorFactory webapp=/solr path=/update params={wt=json}{add=[S24_1785 (1835044427237687296)]} 0 4
2025-06-16 00:45:39.734 INFO  (qtp1663888181-23-null-344) [c: s: r: x:mycore t:null-344] o.a.s.u.p.LogUpdateProcessorFactory webapp=/solr path=/update params={wt=json}{add=[S24_1937 (1835044427249221632)]} 0 2
2025-06-16 00:45:39.741 INFO  (qtp1663888181-25-null-345) [c: s: r: x:mycore t:null-345] o.a.s.u.p.LogUpdateProcessorFactory webapp=/solr path=/update params={wt=json}{add=[S24_2000 (1835044427256561664)]} 0 2
2025-06-16 00:45:39.748 INFO  (qtp1663888181-48-null-346) [c: s: r: x:mycore t:null-346] o.a.s.u.p.LogUpdateProcessorFactory webapp=/solr path=/update params={wt=json}{add=[S24_2011 (1835044427264950272)]} 0 2
2025-06-16 00:45:39.755 INFO  (qtp1663888181-18-null-347) [c: s: r: x:mycore t:null-347] o.a.s.u.p.LogUpdateProcessorFactory webapp=/solr path=/update params={wt=json}{add=[S24_2022 (1835044427272290304)]} 0 2
2025-06-16 00:45:39.762 INFO  (qtp1663888181-26-null-348) [c: s: r: x:mycore t:null-348] o.a.s.u.p.LogUpdateProcessorFactory webapp=/solr path=/update params={wt=json}{add=[S24_2300 (1835044427279630336)]} 0 2
2025-06-16 00:45:39.769 INFO  (qtp1663888181-50-null-349) [c: s: r: x:mycore t:null-349] o.a.s.u.p.LogUpdateProcessorFactory webapp=/solr path=/update params={wt=json}{add=[S24_2360 (1835044427285921792)]} 0 2
2025-06-16 00:45:39.776 INFO  (qtp1663888181-23-null-350) [c: s: r: x:mycore t:null-350] o.a.s.u.p.LogUpdateProcessorFactory webapp=/solr path=/update params={wt=json}{add=[S24_2766 (1835044427293261824)]} 0 3
2025-06-16 00:45:39.785 INFO  (qtp1663888181-25-null-351) [c: s: r: x:mycore t:null-351] o.a.s.u.p.LogUpdateProcessorFactory webapp=/solr path=/update params={wt=json}{add=[S24_2840 (1835044427303747584)]} 0 2
2025-06-16 00:45:39.791 INFO  (qtp1663888181-48-null-352) [c: s: r: x:mycore t:null-352] o.a.s.u.p.LogUpdateProcessorFactory webapp=/solr path=/update params={wt=json}{add=[S24_2841 (1835044427310039040)]} 0 1
2025-06-16 00:45:39.798 INFO  (qtp1663888181-18-null-353) [c: s: r: x:mycore t:null-353] o.a.s.u.p.LogUpdateProcessorFactory webapp=/solr path=/update params={wt=json}{add=[S24_2887 (1835044427316330496)]} 0 2
2025-06-16 00:45:39.805 INFO  (qtp1663888181-26-null-354) [c: s: r: x:mycore t:null-354] o.a.s.u.p.LogUpdateProcessorFactory webapp=/solr path=/update params={wt=json}{add=[S24_2972 (1835044427323670528)]} 0 2
2025-06-16 00:45:39.811 INFO  (qtp1663888181-50-null-355) [c: s: r: x:mycore t:null-355] o.a.s.u.p.LogUpdateProcessorFactory webapp=/solr path=/update params={wt=json}{add=[S24_3151 (1835044427331010560)]} 0 1
2025-06-16 00:45:39.820 INFO  (qtp1663888181-49-null-356) [c: s: r: x:mycore t:null-356] o.a.s.u.p.LogUpdateProcessorFactory webapp=/solr path=/update params={wt=json}{add=[S24_3191 (1835044427339399168)]} 0 3
2025-06-16 00:45:39.827 INFO  (qtp1663888181-25-null-357) [c: s: r: x:mycore t:null-357] o.a.s.u.p.LogUpdateProcessorFactory webapp=/solr path=/update params={wt=json}{add=[S24_3371 (1835044427346739200)]} 0 1
2025-06-16 00:45:39.833 INFO  (qtp1663888181-48-null-358) [c: s: r: x:mycore t:null-358] o.a.s.u.p.LogUpdateProcessorFactory webapp=/solr path=/update params={wt=json}{add=[S24_3420 (1835044427354079232)]} 0 2
2025-06-16 00:45:39.841 INFO  (qtp1663888181-18-null-359) [c: s: r: x:mycore t:null-359] o.a.s.u.p.LogUpdateProcessorFactory webapp=/solr path=/update params={wt=json}{add=[S24_3432 (1835044427362467840)]} 0 2
2025-06-16 00:45:39.849 INFO  (qtp1663888181-26-null-360) [c: s: r: x:mycore t:null-360] o.a.s.u.p.LogUpdateProcessorFactory webapp=/solr path=/update params={wt=json}{add=[S24_3816 (1835044427370856448)]} 0 2
2025-06-16 00:45:39.856 INFO  (qtp1663888181-50-null-361) [c: s: r: x:mycore t:null-361] o.a.s.u.p.LogUpdateProcessorFactory webapp=/solr path=/update params={wt=json}{add=[S24_3856 (1835044427378196480)]} 0 1
2025-06-16 00:45:39.862 INFO  (qtp1663888181-49-null-362) [c: s: r: x:mycore t:null-362] o.a.s.u.p.LogUpdateProcessorFactory webapp=/solr path=/update params={wt=json}{add=[S24_3949 (1835044427384487936)]} 0 1
2025-06-16 00:45:39.869 INFO  (qtp1663888181-25-null-363) [c: s: r: x:mycore t:null-363] o.a.s.u.p.LogUpdateProcessorFactory webapp=/solr path=/update params={wt=json}{add=[S24_3969 (1835044427391827968)]} 0 2
2025-06-16 00:45:39.879 INFO  (qtp1663888181-48-null-364) [c: s: r: x:mycore t:null-364] o.a.s.u.p.LogUpdateProcessorFactory webapp=/solr path=/update params={wt=json}{add=[S24_4048 (1835044427401265152)]} 0 3
2025-06-16 00:45:39.886 INFO  (qtp1663888181-18-null-365) [c: s: r: x:mycore t:null-365] o.a.s.u.p.LogUpdateProcessorFactory webapp=/solr path=/update params={wt=json}{add=[S24_4258 (1835044427409653760)]} 0 2
2025-06-16 00:45:39.893 INFO  (qtp1663888181-26-null-366) [c: s: r: x:mycore t:null-366] o.a.s.u.p.LogUpdateProcessorFactory webapp=/solr path=/update params={wt=json}{add=[S24_4278 (1835044427416993792)]} 0 1
2025-06-16 00:45:39.902 INFO  (qtp1663888181-50-null-367) [c: s: r: x:mycore t:null-367] o.a.s.u.p.LogUpdateProcessorFactory webapp=/solr path=/update params={wt=json}{add=[S24_4620 (1835044427425382400)]} 0 2
2025-06-16 00:45:39.911 INFO  (qtp1663888181-49-null-368) [c: s: r: x:mycore t:null-368] o.a.s.u.p.LogUpdateProcessorFactory webapp=/solr path=/update params={wt=json}{add=[S32_1268 (1835044427434819584)]} 0 2
2025-06-16 00:45:39.918 INFO  (qtp1663888181-25-null-369) [c: s: r: x:mycore t:null-369] o.a.s.u.p.LogUpdateProcessorFactory webapp=/solr path=/update params={wt=json}{add=[S32_1374 (1835044427443208192)]} 0 2
2025-06-16 00:45:39.925 INFO  (qtp1663888181-23-null-370) [c: s: r: x:mycore t:null-370] o.a.s.u.p.LogUpdateProcessorFactory webapp=/solr path=/update params={wt=json}{add=[S32_2206 (1835044427450548224)]} 0 2
2025-06-16 00:45:39.934 INFO  (qtp1663888181-18-null-371) [c: s: r: x:mycore t:null-371] o.a.s.u.p.LogUpdateProcessorFactory webapp=/solr path=/update params={wt=json}{add=[S32_2509 (1835044427458936832)]} 0 2
2025-06-16 00:45:39.944 INFO  (qtp1663888181-48-null-372) [c: s: r: x:mycore t:null-372] o.a.s.u.p.LogUpdateProcessorFactory webapp=/solr path=/update params={wt=json}{add=[S32_3207 (1835044427470471168)]} 0 2
2025-06-16 00:45:39.951 INFO  (qtp1663888181-50-null-373) [c: s: r: x:mycore t:null-373] o.a.s.u.p.LogUpdateProcessorFactory webapp=/solr path=/update params={wt=json}{add=[S32_3522 (1835044427477811200)]} 0 2
2025-06-16 00:45:39.959 INFO  (qtp1663888181-49-null-374) [c: s: r: x:mycore t:null-374] o.a.s.u.p.LogUpdateProcessorFactory webapp=/solr path=/update params={wt=json}{add=[S32_4289 (1835044427486199808)]} 0 2
2025-06-16 00:45:39.969 INFO  (qtp1663888181-25-null-375) [c: s: r: x:mycore t:null-375] o.a.s.u.p.LogUpdateProcessorFactory webapp=/solr path=/update params={wt=json}{add=[S32_4485 (1835044427495636992)]} 0 3
2025-06-16 00:45:39.976 INFO  (qtp1663888181-23-null-376) [c: s: r: x:mycore t:null-376] o.a.s.u.p.LogUpdateProcessorFactory webapp=/solr path=/update params={wt=json}{add=[S50_1341 (1835044427504025600)]} 0 2
2025-06-16 00:45:39.985 INFO  (qtp1663888181-18-null-377) [c: s: r: x:mycore t:null-377] o.a.s.u.p.LogUpdateProcessorFactory webapp=/solr path=/update params={wt=json}{add=[S50_1392 (1835044427512414208)]} 0 2
2025-06-16 00:45:39.999 INFO  (qtp1663888181-48-null-378) [c: s: r: x:mycore t:null-378] o.a.s.u.p.LogUpdateProcessorFactory webapp=/solr path=/update params={wt=json}{add=[S50_1514 (1835044427520802816)]} 0 9
2025-06-16 00:45:40.007 INFO  (qtp1663888181-50-null-379) [c: s: r: x:mycore t:null-379] o.a.s.u.p.LogUpdateProcessorFactory webapp=/solr path=/update params={wt=json}{add=[S50_4713 (1835044427536531456)]} 0 2
2025-06-16 00:45:40.016 INFO  (qtp1663888181-49-null-380) [c: s: r: x:mycore t:null-380] o.a.s.u.p.LogUpdateProcessorFactory webapp=/solr path=/update params={wt=json}{add=[S700_1138 (1835044427545968640)]} 0 2
2025-06-16 00:45:40.025 INFO  (qtp1663888181-25-null-381) [c: s: r: x:mycore t:null-381] o.a.s.u.p.LogUpdateProcessorFactory webapp=/solr path=/update params={wt=json}{add=[S700_1691 (1835044427554357248)]} 0 2
2025-06-16 00:45:40.034 INFO  (qtp1663888181-23-null-382) [c: s: r: x:mycore t:null-382] o.a.s.u.p.LogUpdateProcessorFactory webapp=/solr path=/update params={wt=json}{add=[S700_1938 (1835044427563794432)]} 0 2
2025-06-16 00:45:40.041 INFO  (qtp1663888181-26-null-383) [c: s: r: x:mycore t:null-383] o.a.s.u.p.LogUpdateProcessorFactory webapp=/solr path=/update params={wt=json}{add=[S700_2047 (1835044427572183040)]} 0 2
2025-06-16 00:45:40.049 INFO  (qtp1663888181-48-null-384) [c: s: r: x:mycore t:null-384] o.a.s.u.p.LogUpdateProcessorFactory webapp=/solr path=/update params={wt=json}{add=[S700_2466 (1835044427580571648)]} 0 2
2025-06-16 00:45:40.057 INFO  (qtp1663888181-50-null-385) [c: s: r: x:mycore t:null-385] o.a.s.u.p.LogUpdateProcessorFactory webapp=/solr path=/update params={wt=json}{add=[S700_2610 (1835044427587911680)]} 0 2
2025-06-16 00:45:40.066 INFO  (qtp1663888181-49-null-386) [c: s: r: x:mycore t:null-386] o.a.s.u.p.LogUpdateProcessorFactory webapp=/solr path=/update params={wt=json}{add=[S700_2824 (1835044427597348864)]} 0 2
2025-06-16 00:45:40.074 INFO  (qtp1663888181-25-null-387) [c: s: r: x:mycore t:null-387] o.a.s.u.p.LogUpdateProcessorFactory webapp=/solr path=/update params={wt=json}{add=[S700_2834 (1835044427605737472)]} 0 2
2025-06-16 00:45:40.081 INFO  (qtp1663888181-23-null-388) [c: s: r: x:mycore t:null-388] o.a.s.u.p.LogUpdateProcessorFactory webapp=/solr path=/update params={wt=json}{add=[S700_3167 (1835044427614126080)]} 0 2
2025-06-16 00:45:40.091 INFO  (qtp1663888181-26-null-389) [c: s: r: x:mycore t:null-389] o.a.s.u.p.LogUpdateProcessorFactory webapp=/solr path=/update params={wt=json}{add=[S700_3505 (1835044427624611840)]} 0 3
2025-06-16 00:45:40.099 INFO  (qtp1663888181-48-null-390) [c: s: r: x:mycore t:null-390] o.a.s.u.p.LogUpdateProcessorFactory webapp=/solr path=/update params={wt=json}{add=[S700_3962 (1835044427631951872)]} 0 2
2025-06-16 00:45:40.107 INFO  (qtp1663888181-50-null-391) [c: s: r: x:mycore t:null-391] o.a.s.u.p.LogUpdateProcessorFactory webapp=/solr path=/update params={wt=json}{add=[S700_4002 (1835044427640340480)]} 0 2
2025-06-16 00:45:40.113 INFO  (qtp1663888181-49-null-392) [c: s: r: x:mycore t:null-392] o.a.s.u.p.LogUpdateProcessorFactory webapp=/solr path=/update params={wt=json}{add=[S72_1253 (1835044427647680512)]} 0 1
2025-06-16 00:45:40.121 INFO  (qtp1663888181-25-null-393) [c: s: r: x:mycore t:null-393] o.a.s.u.p.LogUpdateProcessorFactory webapp=/solr path=/update params={wt=json}{add=[S72_3212 (1835044427656069120)]} 0 2
2025-06-16 00:45:40.477 INFO  (searcherExecutor-15-thread-3-processing-mycore null-394) [c: s: r: x:mycore t:null-394] o.a.s.c.QuerySenderListener QuerySenderListener done.
2025-06-16 00:45:40.491 INFO  (searcherExecutor-15-thread-3-processing-mycore null-394) [c: s: r: x:mycore t:null-394] o.a.s.c.SolrCore Registered new searcher autowarm time: 0 ms
2025-06-16 00:45:40.491 INFO  (qtp1663888181-23-null-394) [c: s: r: x:mycore t:null-394] o.a.s.u.p.LogUpdateProcessorFactory webapp=/solr path=/update params={wt=json}{commit=} 0 365
2025-06-16 00:45:46.066 INFO  (qtp1663888181-48-null-395) [c: s: r: x:mycore t:null-395] o.a.s.c.S.Request webapp=/solr path=/config/params params={wt=json&_=1750032708136} status=0 QTime=0
2025-06-16 00:45:46.067 INFO  (qtp1663888181-26-null-396) [c: s: r: x: t:null-396] o.a.s.s.HttpSolrCall [admin] webapp=null path=/admin/cores params={indexInfo=false&wt=json&_=1750032708100} status=0 QTime=0
2025-06-16 00:45:46.070 INFO  (qtp1663888181-23-null-398) [c: s: r: x:mycore t:null-398] o.a.s.c.S.Request webapp=/solr path=/select params={q=*:*&indent=true&q.op=OR&useParams=&_=1750032708136} hits=110 status=0 QTime=2
2025-06-16 00:45:46.095 INFO  (qtp1663888181-50-null-397) [c: s: r: x: t:null-397] o.a.s.s.HttpSolrCall [admin] webapp=null path=/admin/info/system params={wt=json&_=1750032708101} status=0 QTime=29
2025-06-16 00:47:30.913 INFO  (qtp1663888181-18-null-399) [c: s: r: x:mycore t:null-399] o.a.s.c.S.Request webapp=/solr path=/select params={q=classic+&defType=edismax&qf=productName+productLine+productVendor+productDescription+productScale+quantityInStock+buyPrice+MSRP+textDescription&rows=200&wt=json} hits=58 status=0 QTime=11
2025-06-16 00:48:20.006 INFO  (qtp1663888181-64-null-401) [c: s: r: x: t:null-401] o.a.s.s.HttpSolrCall [admin] webapp=null path=/admin/cores params={indexInfo=false&wt=json&_=1750032708100} status=0 QTime=1
2025-06-16 00:48:20.020 INFO  (qtp1663888181-23-null-400) [c: s: r: x:mycore t:null-400] o.a.s.c.S.Request webapp=/solr path=/select params={q=*:*&indent=true&q.op=OR&fq=id:+S24_1578&useParams=&_=1750032708136} hits=1 status=0 QTime=22
2025-06-16 00:48:20.029 INFO  (qtp1663888181-25-null-403) [c: s: r: x:mycore t:null-403] o.a.s.c.S.Request webapp=/solr path=/config/params params={wt=json&_=1750032708136} status=0 QTime=1
2025-06-16 00:48:20.044 INFO  (qtp1663888181-49-null-402) [c: s: r: x: t:null-402] o.a.s.s.HttpSolrCall [admin] webapp=null path=/admin/info/system params={wt=json&_=1750032708101} status=0 QTime=27
